2023-10-17T07:53:06.224Z info: 
{"requestId":"a6ef97bc-8754-4e36-84cc-0562d8df658a"}
2023-10-17T08:00:06.818Z info: 
{"requestId":"09fd941e-0371-4340-be8c-e47d5bdaf4ac"}
2023-10-18T04:23:25.123Z info: 
{"requestId":"1eb0a840-fd49-487b-9282-5f2ba149a085"}
2023-10-18T04:47:21.319Z info: 
{"requestId":"54386086-6de0-46fd-abb7-ea2126f52580"}
2023-10-18T05:06:05.141Z info: 
{"requestId":"984e4df2-6fb9-4fc0-84df-2f689cafb623"}
2023-10-18T05:22:04.724Z info: 
{"requestId":"59c7c3ee-478e-413d-b870-72421ab5a084"}
2023-10-18T05:41:16.062Z info: 
{"requestId":"79813fd0-e1c0-4aad-a83a-d8a5462f218e"}
2023-10-18T05:43:01.164Z info: 
{"requestId":"9f5809ca-3770-41b4-b6fe-69d53bdb5ac0"}
2023-10-18T05:43:23.019Z info: 
{"requestId":"a34b6d2e-9f79-4337-8ce4-4d30eeb49ea9"}
2023-10-18T05:44:55.298Z info: 
{"requestId":"db2ebde8-d132-4b2d-8c2c-78316ce30bc5"}
2023-10-18T05:48:25.197Z info: 
{"requestId":"002b7a9b-ff38-4dd5-b44e-7dc5ef557ba3"}
2023-10-18T05:50:51.439Z info: 
{"requestId":"ebe417c4-db5f-4060-9a4a-06e136796722"}
2023-10-18T05:51:56.049Z info: 
{"requestId":"922812a1-df38-4547-ba8b-067d75abac1b"}
2023-10-18T06:59:03.234Z info: 
{"requestId":"b0e25a02-65f6-4716-b081-449244f03c8f"}
2023-10-18T07:51:02.923Z info: 
{"requestId":"5cc3a71c-0ae7-42f3-b951-72a1a29ec6a2"}
2023-10-18T07:53:51.345Z info: 
{"requestId":"37dc8318-8498-4d54-814f-eb72096c7d36"}
2023-10-18T09:34:54.876Z info: 
{"requestId":"ba09e8e3-ee7d-4ad5-8c52-002e81ec7ef4"}
2023-10-18T09:44:59.294Z info: 
{"requestId":"3db2a57e-7906-40d0-b6fe-fecea49ef69a"}
2023-10-18T09:45:28.424Z info: 
{"requestId":"d92f1be9-c207-4aa0-ba6b-6e01ca34740d"}
2023-10-18T10:13:20.614Z info: 
{"requestId":"740b930d-5bae-40bc-96cb-223244d35ca2"}
2023-10-25T07:25:59.628Z info: 
{"requestId":"af2331e8-0242-4303-90c6-c6ee19f825ee"}
2023-10-25T07:28:13.800Z info: 
{"requestId":"b9b67acd-c68b-44d1-af10-1bc6775a7a3c"}
2023-10-25T07:38:46.608Z info: 
{"requestId":"29b7e3cb-80a1-4d40-8e60-7e803606f468"}
2023-11-25T10:53:54.722Z info: 
{"requestId":"13316edf-b52e-4f5f-a5b3-0cf69231c2b0"}
2023-11-25T10:56:27.665Z info: 
{"requestId":"8d30c976-f8d6-4cf9-a564-9bf544db7e78"}
2023-11-25T11:07:31.852Z info: 
{"requestId":"94342d51-f895-4526-a667-5c76d50b9f35"}
2023-11-25T11:10:09.465Z info: 
{"requestId":"bb4bf2f8-46dc-4300-bbdf-e04bcfe55fc1"}
2023-11-25T12:23:11.176Z info: 
{"requestId":"4f12f8e4-038a-486f-bd42-bbffc3348b6a"}
2023-11-30T15:14:34.581Z info: 
{"requestId":"2b0fab6a-741a-481a-ab2f-62b1981286b4"}
2023-11-30T15:20:07.797Z info: 
{"requestId":"422d47c4-832b-4116-bae7-634721ce0cb6"}
2023-11-30T15:20:51.653Z info: 
{"requestId":"5f9b8046-18a1-4a8e-96ae-ed2b90013b1b"}
2023-11-30T15:22:06.369Z info: 
{"requestId":"a30e4d39-8a29-4c3a-99e3-c7ae79022e41"}
2023-11-30T15:57:58.642Z info: 
{"requestId":"0a7ddf71-facc-44be-a0d5-dc3a11396274"}
2023-11-30T15:58:07.079Z info: 
{"requestId":"42e5f4b1-7ad9-4300-a022-bba7ce83f9bc"}
2023-11-30T15:58:46.835Z info: 
{"requestId":"9c0ea601-7503-412c-9984-569c43017980"}
2023-11-30T16:02:39.462Z info: 
{"requestId":"ddbc1ee2-a821-4059-9873-1fbc0cf396ab"}
2023-11-30T16:11:30.239Z info: 
{"requestId":"dc68780c-3c23-4fb8-ba58-886dab28be5f"}
2023-11-30T16:12:45.838Z info: 
{"requestId":"64ec7030-53f5-4912-9a72-516fce7275f5"}
2023-11-30T16:16:37.726Z info: 
{"requestId":"f986625e-8bf6-432e-93f8-cc8a884ba109"}
2023-11-30T16:18:14.712Z info: 
{"requestId":"3e467422-abfb-4519-ad17-6454d9bdc6e4"}
2023-11-30T16:40:56.900Z info: 
{"requestId":"0288e71c-7902-409a-8a48-bac8c737cce9"}
2023-11-30T20:04:27.175Z info: 
{"requestId":"b1596e1a-3e1b-48e9-b096-f5dad9671307"}
2023-12-05T15:10:52.591Z info: 
{"requestId":"cd81d53f-215b-484e-b75a-94bca49f9943"}
2023-12-05T15:16:06.648Z info: 
{"requestId":"d949daa5-922b-480d-8944-fc63bee9aebb"}
2023-12-05T15:24:48.646Z info: 
{"requestId":"cca3467b-1044-407e-bb82-8ec8dafeaf39"}
2023-12-05T15:24:48.962Z info: 
{"requestId":"bacbb34b-42a2-480b-981e-f6137e6e7fd3"}
2023-12-05T15:25:24.335Z info: 
{"requestId":"c12a615e-c157-404e-bdc3-400b8f00fd09"}
2023-12-05T15:25:24.529Z info: 
{"requestId":"129c9fec-4830-443d-b6ef-067a0259710d"}
2023-12-05T15:29:24.208Z info: 
{"requestId":"0b6e25f3-343b-4fca-bf2d-7b1af5ffceb6"}
2023-12-05T15:29:24.330Z info: 
{"requestId":"dd2df82c-0a90-470d-9031-86b54645f986"}
2023-12-05T15:30:53.956Z info: 
{"requestId":"436c2d0e-c6c2-43c3-a265-9409512971f9"}
2023-12-05T15:30:54.082Z info: 
{"requestId":"5726c172-155b-4cc5-be68-72be26caa021"}
2023-12-05T15:31:11.641Z info: 
{"requestId":"6958d8db-8d71-4537-8171-d3f4706d0f30"}
2023-12-05T15:31:11.759Z info: 
{"requestId":"3c640931-5f5e-4e6d-b7da-06bdec0031e7"}
2023-12-05T15:32:36.686Z info: 
{"requestId":"fef0e9a5-1198-441c-92ab-3f017724fd92"}
2023-12-05T15:32:36.798Z info: 
{"requestId":"c85b994c-331f-4cc3-af06-95d324e04423"}
2023-12-05T15:43:24.454Z info: 
{"requestId":"bd49750f-ffaf-43c7-8760-16545449f999"}
2023-12-05T15:43:24.638Z info: 
{"requestId":"a03cabb0-d719-4b6b-98e5-2e96f13720c1"}
2023-12-05T15:45:38.528Z info: 
{"requestId":"6890f0f7-801b-4cae-a849-b18cefea7e44"}
2023-12-05T16:04:44.532Z info: 
{"requestId":"42615556-e928-4e8b-990a-2e7889494231"}
2023-12-05T16:12:04.545Z info: 
{"requestId":"f0ea86af-6afa-44bd-9aa2-3d99325202c6"}
2023-12-05T16:15:39.455Z info: 
{"requestId":"8487458f-53a4-4e7a-a74e-560db7d3e2a3"}
2023-12-05T16:15:39.721Z info: 
{"requestId":"51774c5e-0b20-463f-aa90-793e5753bb84"}
2023-12-05T16:15:42.743Z info: 
{"requestId":"0ce759b9-85b0-484d-9624-3a0b23eb2304"}
2023-12-05T16:15:42.748Z info: 
{"requestId":"22ea9b2b-c38b-4c2e-b07a-daa7c20248b2"}
2023-12-05T16:15:42.756Z info: 
{"requestId":"346e2a59-d95e-4aef-8c93-8fbbccaf558e"}
2023-12-05T16:16:14.475Z info: 
{"requestId":"ac4c3556-6ec9-4013-adff-fccec8bf48ee"}
2023-12-05T16:16:45.307Z info: 
{"requestId":"98b4ea4d-a7b8-4be7-a16c-a1cc026ecf68"}
2023-12-05T16:16:45.314Z info: 
{"requestId":"8202cd07-5beb-4499-8cf5-3d37403fec40"}
2023-12-05T16:17:48.936Z info: 
{"requestId":"0266700f-ff48-4ad6-8a4d-f5fe4f883616"}
2023-12-05T16:17:48.964Z info: 
{"requestId":"efb61e03-cf3a-435d-9260-d84757b7977f"}
2023-12-05T16:21:25.790Z info: 
{"requestId":"02ce7cd9-b4b2-4fd2-9c44-e1d5b0917cad"}
2023-12-05T17:07:51.777Z info: 
{"requestId":"fe3c9dda-392e-4221-baa7-d2ea4eea06e8"}
2023-12-05T17:07:51.799Z info: 
{"requestId":"28792582-ca7b-4e38-9d1b-073042c48c47"}
2023-12-05T17:11:26.507Z info: 
{"requestId":"3a5f50fd-cb31-43c8-a32c-15a76a11795f"}
2023-12-05T17:11:26.526Z info: 
{"requestId":"923606b1-e83d-493e-b3e5-3f9f9fad3d01"}
2023-12-05T17:12:58.774Z info: 
{"requestId":"30958aa3-9cfc-432f-a57b-629298dc313c"}
2023-12-05T17:12:58.779Z info: 
{"requestId":"1092bb46-8cb4-42a7-beb1-e5a7cf7d2637"}
2023-12-05T17:14:41.149Z info: 
{"requestId":"6b72ed41-f7ef-45b8-857d-40150a20bc47"}
2023-12-05T17:14:41.152Z info: 
{"requestId":"d837bad0-7a64-42e5-9b80-03787e68454b"}
2023-12-05T17:16:36.284Z info: 
{"requestId":"719fd7d8-5145-49dc-b419-ee0a21e68f29"}
2023-12-05T17:16:36.288Z info: 
{"requestId":"cedc3372-7bb2-4b00-bb68-4d20730dd7ee"}
2023-12-05T17:17:44.806Z info: 
{"requestId":"84d13d02-3441-4fbb-8057-260a604b870e"}
2023-12-05T17:17:44.810Z info: 
{"requestId":"3b9f3535-c0c5-4337-b23a-958012d5452b"}
2023-12-05T17:19:23.588Z info: 
{"requestId":"75168f31-5ced-4277-a4ca-0542c5ee4ab9"}
2023-12-05T17:21:00.795Z info: 
{"requestId":"8dd26a1f-7b7f-4867-9a88-23deae5050b9"}
2023-12-07T14:28:58.292Z info: 
{"requestId":"c27f1f8a-7c09-4a3c-9334-619286b6ce08"}
2023-12-07T14:30:05.836Z info: 
{"requestId":"3c65ab6e-f9c6-4382-9ec2-20935c207873"}
2023-12-07T14:30:22.617Z info: 
{"requestId":"2249e73b-c106-445f-b31c-5fcb052abf52"}
2023-12-07T14:30:22.745Z info: 
{"requestId":"73c46ec2-f391-444f-84ea-21b9c2e813d4"}
2023-12-07T14:30:58.342Z info: 
{"requestId":"518f5542-1eb4-4456-b058-c092480fb29e"}
2023-12-07T14:30:58.466Z info: 
{"requestId":"73e7c7ff-9375-44d9-b410-6c3d9ee3aa85"}
2023-12-07T14:31:00.317Z info: 
{"requestId":"e419a665-b683-452a-b6af-afff8f2897bb"}
2023-12-07T14:31:12.995Z info: 
{"requestId":"84eb4189-c962-47ef-9638-7444ce167c58"}
2023-12-07T14:31:13.114Z info: 
{"requestId":"eee24449-d062-485b-a746-70b4b3a2dbd6"}
2023-12-07T14:31:27.004Z info: 
{"requestId":"3abdadc0-bf11-47d9-bd87-ff8479f9e0e1"}
2023-12-07T14:31:27.011Z info: 
{"requestId":"964bf0a7-7c1d-4e89-9ab2-846797750310"}
2023-12-07T14:31:27.053Z info: 
{"requestId":"6b344598-c05c-461a-8919-ea00d102319d"}
2023-12-07T14:34:46.931Z info: 
{"requestId":"19a0c69e-3406-4a77-a574-1fa2df49bea1"}
2023-12-07T14:34:56.000Z info: 
{"requestId":"5e210906-1f95-4e7e-a92a-aa920e391576"}
2023-12-07T14:34:56.020Z info: 
{"requestId":"2246229c-f278-433c-b3fb-821945a91f97"}
2023-12-07T14:37:36.241Z info: 
{"requestId":"23f307a7-ad4b-4939-9cda-ce4d78f7ec22"}
2023-12-07T14:37:36.260Z info: 
{"requestId":"d734e69b-9e70-4270-bb85-38b1b5a81d45"}
2023-12-07T14:37:36.276Z info: 
{"requestId":"5f8fdcde-6893-4f18-b423-25dff6b97a72"}
2023-12-07T14:39:01.150Z info: 
{"requestId":"8526ea29-2449-4b65-ba43-ef3716ce84ac"}
2023-12-07T14:39:01.163Z info: 
{"requestId":"42cfb92f-ea52-4ef5-a476-f5ac84951f8a"}
2023-12-07T14:39:08.033Z info: 
{"requestId":"091fc505-b29c-4392-874c-7cdcb215272b"}
2023-12-07T14:39:08.050Z info: 
{"requestId":"273d3689-2c5f-4e0d-bfae-d1f4704cfac3"}
2023-12-07T14:44:09.243Z info: 
{"requestId":"ed070ef6-4f8c-4bff-8f74-f926fc6e9c54"}
2023-12-07T14:47:48.655Z info: 
{"requestId":"657bec1b-d9c4-4afc-8e17-156925dda94d"}
2023-12-07T14:47:48.669Z info: 
{"requestId":"2b39c71b-3d85-46a1-b683-6ca185e77300"}
2023-12-07T14:50:11.218Z info: 
{"requestId":"f30e97d4-ebf6-4368-9b95-2b27dcfba2c5"}
2023-12-07T14:50:11.226Z info: 
{"requestId":"1dd6a33e-fbb0-42d5-b295-c9d3ff661ddf"}
2023-12-07T14:50:42.410Z info: 
{"requestId":"469b332b-9508-4359-87a2-5cccbcde696b"}
2023-12-07T14:50:42.432Z info: 
{"requestId":"35c562a1-244a-4fde-8e99-45fc3c3a3eb8"}
2023-12-07T14:52:00.547Z info: 
{"requestId":"b709784f-4fe5-4e9b-a3d6-9787e6a43a00"}
2023-12-07T14:52:08.589Z info: 
{"requestId":"94cb02b3-e608-447b-a4bc-d79daaf322c4"}
2023-12-07T14:52:08.602Z info: 
{"requestId":"9ef9d0f0-afa2-494d-81f6-f4197df771b8"}
2023-12-07T14:52:21.735Z info: 
{"requestId":"d7bbf707-73c4-496e-b7fd-e183779f15b5"}
2023-12-07T14:52:50.788Z info: 
{"requestId":"ccc03423-2dd9-4cb6-9c67-d01334bd7ba2"}
2023-12-07T14:52:56.553Z info: 
{"requestId":"ea46890f-bb75-4e87-b25b-207d1781b42b"}
2023-12-07T15:04:46.485Z info: 
{"requestId":"ddb855cd-27a9-4e60-b453-44e9769db78b"}
2023-12-07T15:12:41.542Z info: 
{"requestId":"da872b53-57dd-438e-8cdc-f00600b41ac1"}
2023-12-07T15:13:04.535Z info: 
{"requestId":"074fb74a-380a-416b-ac66-bc613c34b308"}
2023-12-07T15:14:33.498Z info: 
{"requestId":"a91575b2-281c-47bf-87f4-3a88177094fa"}
2023-12-07T15:14:33.518Z info: 
{"requestId":"380e5de6-f663-425d-8996-3fe11fd2f17e"}
2023-12-07T15:14:37.415Z info: 
{"requestId":"802120a0-a2b3-4976-99e3-83faf59b8f97"}
2023-12-07T15:15:24.564Z info: 
{"requestId":"58f51b63-1679-48cb-88a4-b8087d2f5e10"}
2023-12-07T15:15:30.827Z info: 
{"requestId":"c98916d8-48ac-437c-b1b2-6c86bf0d45ff"}
2023-12-07T15:16:54.849Z info: 
{"requestId":"a40576df-dcc2-43d1-8ab2-479c9513fe0d"}
2023-12-07T15:17:02.324Z info: 
{"requestId":"0770735d-f302-432e-9976-b76fa616a298"}
2023-12-07T15:17:02.334Z info: 
{"requestId":"0117bb4a-4257-4a4e-aea0-aeb65fdc3dac"}
2023-12-07T15:17:02.364Z info: 
{"requestId":"87a18058-0db6-432d-95e3-8096c19e1de2"}
2023-12-07T15:17:07.188Z info: 
{"requestId":"2ff12fe2-005c-4f04-a163-b6f739e3ffb9"}
2023-12-07T15:18:13.224Z info: 
{"requestId":"8ff77487-7476-459b-afa4-64ebf7840923"}
2023-12-07T15:18:19.211Z info: 
{"requestId":"30c54633-d65a-4c3c-8bf9-0b858ce3a93f"}
2023-12-07T15:19:33.287Z info: 
{"requestId":"1ff30935-c3a9-4ef4-9a23-c357f649efbc"}
2023-12-07T15:19:40.039Z info: 
{"requestId":"5c42a449-5a63-49c2-b9ee-5d78894cac05"}
2023-12-07T15:21:26.522Z info: 
{"requestId":"e7cf6fe7-390d-4f81-a119-2a425c8453a6"}
2023-12-07T15:22:54.181Z info: 
{"requestId":"12c48216-7ee0-4ec4-90f4-b0e46d5b2a18"}
2023-12-07T15:23:14.538Z info: 
{"requestId":"81957912-a41b-463d-a682-87691a583ae4"}
2023-12-07T15:23:21.317Z info: 
{"requestId":"49f8a239-66a1-4dae-89c2-dc2dcb2cdb5a"}
2023-12-07T15:23:31.807Z info: 
{"requestId":"e98f1470-b8fd-43ef-ad47-c00882253677"}
2023-12-07T15:23:31.815Z info: 
{"requestId":"bd60ec72-8b2b-476b-a6b0-7744f37c68bc"}
2023-12-07T15:23:34.351Z info: 
{"requestId":"62109039-7012-4e23-812e-462a0fbfc8e9"}
2023-12-07T15:23:59.326Z info: 
{"requestId":"8bc71d0d-d1d1-4eb8-8d8d-1ef882dfe7ac"}
2023-12-07T15:24:42.535Z info: 
{"requestId":"a2d98e2e-c143-433b-8768-efdff0882dd8"}
2023-12-07T15:24:58.884Z info: 
{"requestId":"8a9fd83c-6a66-41bd-9592-370682280dd9"}
2023-12-07T15:54:13.020Z info: 
{"requestId":"4879d206-800a-4562-97f7-07846a887bda"}
2023-12-07T15:54:13.075Z info: 
{"requestId":"9fecc505-94ce-446c-a9df-fda26ee2f4fb"}
2023-12-07T15:55:57.602Z info: 
{"requestId":"dce82896-f4d7-48c1-b7cf-c4f9946f5803"}
2023-12-07T15:55:57.624Z info: 
{"requestId":"15ea3ac3-f36a-49bf-933e-c7dabe485185"}
2023-12-07T15:56:35.413Z info: 
{"requestId":"bbedbc65-f4c9-400e-ab44-9053acf46fff"}
2023-12-07T15:57:38.605Z info: 
{"requestId":"4ab66264-a810-4623-82d6-d3a6f8dc65e6"}
2023-12-07T15:57:38.622Z info: 
{"requestId":"5b24ab11-30da-4938-ac8d-7ae57b0ca0bd"}
2023-12-07T15:59:04.214Z info: 
{"requestId":"2bbeb71f-c6fb-4a20-8e64-1871fbac1e09"}
2023-12-07T16:06:39.065Z info: 
{"requestId":"6154ac9e-8144-4b9f-927d-2d79ebc11386"}
2023-12-07T16:06:39.120Z info: 
{"requestId":"68ac6ecf-ba43-4642-abef-84f383aed539"}
2023-12-07T16:06:41.752Z info: 
{"requestId":"845b7daf-25b4-4181-b175-e8a2a7e324b3"}
2023-12-07T16:06:53.543Z info: 
{"requestId":"08e115b9-70b5-442c-8030-157ee743a370"}
2023-12-07T16:06:54.891Z info: 
{"requestId":"7a7203fa-9f2c-4242-ab7d-eb194a5c7b4a"}
2023-12-07T16:07:02.831Z info: 
{"requestId":"c611ad2f-d92b-4c5d-acca-8acc524488cb"}
2023-12-07T16:07:23.202Z info: 
{"requestId":"2ed12f51-886b-4f60-8acf-5efc030147f7"}
2023-12-07T16:07:23.332Z info: 
{"requestId":"42e0bf3c-55bc-44c1-9ee1-e8d9296121dd"}
2023-12-07T16:07:26.790Z info: 
{"requestId":"a3ad9ca8-3e67-4bed-a56e-dd5de7eabc7d"}
2023-12-07T16:07:27.825Z info: 
{"requestId":"809ec850-118f-44c3-bbc6-d70dfb642cf7"}
2023-12-07T16:07:28.470Z info: 
{"requestId":"eb9005a2-b763-4f3a-bb78-b30f3c9742a5"}
2023-12-07T16:07:28.581Z info: 
{"requestId":"fe5f1ef3-81fa-4e37-9da1-cc61e8cfd1d7"}
2023-12-07T16:07:28.777Z info: 
{"requestId":"e4e92b76-6ea2-4887-9dcb-f13acd8e125b"}
2023-12-07T16:07:37.556Z info: 
{"requestId":"9cc74d06-fd80-49f0-9ba2-dadc02dd0dca"}
2023-12-07T16:07:37.669Z info: 
{"requestId":"dc82bde2-62be-40a3-a8a3-c8bb408c9cb1"}
2023-12-07T16:08:19.425Z info: 
{"requestId":"af646efb-4837-45b5-a614-538ab6567faf"}
2023-12-07T16:08:19.532Z info: 
{"requestId":"498111cd-4fc7-4c75-bc62-e9f419c7623a"}
2023-12-07T16:08:20.239Z info: 
{"requestId":"eeff2333-f8e5-4801-a300-2ee5634b517b"}
2023-12-07T16:08:20.428Z info: 
{"requestId":"408beab4-57d9-4e34-879f-ccbcf13c977e"}
2023-12-07T16:08:20.567Z info: 
{"requestId":"f6ae4b41-0ec7-4d64-af50-5e56cff3a8d7"}
2023-12-07T16:08:20.748Z info: 
{"requestId":"fa5210be-7d1d-45e7-af98-036380122e92"}
2023-12-07T16:08:20.977Z info: 
{"requestId":"816cbf17-1b2a-4b62-9722-ba4172beb49d"}
2023-12-07T16:08:40.521Z info: 
{"requestId":"fa2c6c28-3035-4463-a9ef-fa0152ce52e1"}
2023-12-07T16:08:40.627Z info: 
{"requestId":"2691fccc-719b-454e-9390-8f55d17ba492"}
2023-12-07T16:08:41.924Z info: 
{"requestId":"e0ac0a1a-3b1c-4a24-a60b-782f9c9fb6e0"}
2023-12-07T16:10:09.948Z info: 
{"requestId":"2677bdb5-b209-4b51-8165-44e0f3278f58"}
2023-12-07T16:10:10.054Z info: 
{"requestId":"8347d505-da85-45d8-9e75-32534e90f1b4"}
2023-12-07T16:10:17.489Z info: 
{"requestId":"462a66b5-8199-476d-b99b-f18d0687c227"}
2023-12-07T16:10:17.497Z info: 
{"requestId":"6941625a-0f33-451b-a97c-2c768f66cc5e"}
2023-12-07T16:10:17.543Z info: 
{"requestId":"246ce696-db8d-4b71-a0bf-60a94267464b"}
2023-12-07T16:10:22.898Z info: 
{"requestId":"48e498c6-26c3-4039-a910-9830edc0df0e"}
2023-12-07T16:19:09.570Z info: 
{"requestId":"76d4e6b7-80ed-457a-a9bb-2f6c7f22f818"}
2023-12-07T16:20:42.526Z info: 
{"requestId":"563d3703-5802-426d-aac2-875b6d9759e1"}
2023-12-07T16:20:54.515Z info: 
{"requestId":"d29697de-e6c8-4b76-bff7-f29fe33cc951"}
2023-12-07T16:21:05.521Z info: 
{"requestId":"52d6c87a-03d5-4628-b246-86ca62172308"}
2023-12-07T16:21:05.546Z info: 
{"requestId":"41eb2426-3d41-46a7-ac09-fafa8d3885a3"}
2023-12-07T20:04:34.570Z info: 
{"requestId":"522e0799-f4eb-4826-a57b-642aaa7f851e"}
2023-12-07T20:14:27.957Z info: 
{"requestId":"6c27aa3c-53c2-46c5-ada9-acac8b8ee23c"}
2023-12-07T20:23:30.716Z info: 
{"requestId":"45097c5f-4a4a-4e9c-99a1-aff6d82a1dac"}
2023-12-07T20:28:12.285Z info: 
{"requestId":"808f30ed-72fa-4eca-8dd1-dd0413a44756"}
2023-12-07T20:28:44.123Z info: 
{"requestId":"f7a7bcb3-c90e-481d-8a24-73c4de485be0"}
2023-12-07T20:31:21.690Z info: 
{"requestId":"d199f0e9-8f76-4e16-9fa9-e39c5a2a2ab4"}
2023-12-07T20:31:21.704Z info: 
{"requestId":"44da7c7a-8f27-47d2-8f94-4b3302e94a13"}
2023-12-07T20:31:21.734Z info: 
{"requestId":"2680ed6e-0898-48a6-88f4-fd9fdb088539"}
2023-12-07T20:31:21.748Z info: 
{"requestId":"79eff247-9a42-49c0-ae3a-28402b758062"}
2023-12-07T20:31:45.180Z info: 
{"requestId":"d5875b5c-7b78-4c7f-847d-be06c46ca863"}
2023-12-07T20:31:45.241Z info: 
{"requestId":"25066407-a6eb-4752-bdcd-d30d7ab5c4fc"}
2023-12-07T20:31:45.578Z info: 
{"requestId":"6f707de0-a52a-4809-a2c1-35f843225116"}
2023-12-07T20:32:21.796Z info: 
{"requestId":"f08dabd5-c670-456f-96ec-1bc8c4516a5c"}
2023-12-07T20:32:21.842Z info: 
{"requestId":"396f535f-43fd-4c38-8aa0-d7d8a462cc79"}
2023-12-07T20:34:59.374Z info: 
{"requestId":"ea09fbf8-26a5-43b3-a77d-5bd310f29015"}
2023-12-07T20:35:59.186Z info: 
{"requestId":"7b8c711b-3540-4de8-a08c-cea11dc29e6b"}
2023-12-07T20:35:59.275Z info: 
{"requestId":"082d7340-a5a9-4a06-88a6-500b276b7876"}
2023-12-07T20:35:59.288Z info: 
{"requestId":"3fee6eb8-f1ca-42b0-99f4-af0b72af5b2f"}
2023-12-07T20:35:59.423Z info: 
{"requestId":"3ed1a401-390b-44e2-a43c-e9d123b3e296"}
2023-12-07T21:19:47.820Z info: 
{"requestId":"cd8918be-0c74-4b5e-a4e0-6591ab51a1df"}
2023-12-09T12:00:26.223Z info: 
{"requestId":"d3e940ec-439d-4c57-839b-d9b8ad122f37"}
2023-12-09T12:09:16.859Z info: 
{"requestId":"7ebcbe5d-6eaf-400c-82a4-2510057df2c7"}
2023-12-09T14:17:57.900Z info: 
{"requestId":"1f4a0b9b-6dae-4fb5-bc35-f6000362e758"}
2023-12-09T14:19:15.622Z info: 
{"requestId":"68137441-dd49-4414-9225-9d008886a8ea"}
2023-12-09T14:19:41.970Z info: 
{"requestId":"4b2b856f-ab8e-41d4-965d-6e808337ac76"}
2023-12-09T14:21:51.766Z info: 
{"requestId":"e9953934-0d97-425c-a106-ec098b49154a"}
2023-12-09T14:21:51.793Z info: 
{"requestId":"94398f05-b9ee-4a39-bfb2-8b040762a18d"}
2023-12-09T14:21:51.810Z info: 
{"requestId":"cf8242ab-726a-4f97-92d7-b33bb42d4485"}
2023-12-09T14:21:51.816Z info: 
{"requestId":"aebe81be-8076-4785-a558-772b885abcaf"}
2023-12-09T14:22:11.369Z info: 
{"requestId":"9bfa4784-7181-4272-ae8f-3d700302e5e3"}
2023-12-09T14:22:11.456Z info: 
{"requestId":"d8fd1faa-7216-4b57-a7b8-834c99b0da5a"}
2023-12-09T14:22:11.481Z info: 
{"requestId":"deffa084-faf5-407d-b086-6a77b3c90a28"}
2023-12-09T14:22:11.497Z info: 
{"requestId":"55833395-0e72-4d78-8337-cc0b90e49308"}
2023-12-09T14:22:11.511Z info: 
{"requestId":"743c0b0c-87a9-4b72-871a-c027e5ed5466"}
2023-12-09T14:22:11.806Z info: 
{"requestId":"1749da36-c179-4369-b02e-6b000d66bafb"}
2023-12-09T14:22:18.908Z info: 
{"requestId":"65d28c8e-8a2c-4b09-9567-3f4469bc0d62"}
2023-12-09T14:22:18.953Z info: 
{"requestId":"47ec4eb3-5c29-4769-8d5e-9947f083d096"}
2023-12-09T14:22:18.967Z info: 
{"requestId":"3980a7a7-483a-4444-92d1-1e5c0fbbf203"}
2023-12-09T14:22:18.987Z info: 
{"requestId":"1da82327-fac1-4630-bb5b-b2f0f2e2934d"}
2023-12-09T14:22:54.652Z info: 
{"requestId":"851d20e1-eb1e-4558-8d29-dba880a5a74a"}
2023-12-09T14:22:54.683Z info: 
{"requestId":"9aea7088-7701-4195-a306-b82c26a03ded"}
2023-12-09T14:22:54.711Z info: 
{"requestId":"8b899c8b-551a-47ac-9bd5-c26cdd4683aa"}
2023-12-09T14:22:54.721Z info: 
{"requestId":"45cc383e-1e7d-4182-934d-0168ca0788e4"}
2023-12-09T14:23:43.381Z info: 
{"requestId":"807e451b-5f01-4869-9b0d-f288ba4b213d"}
2023-12-09T14:23:43.404Z info: 
{"requestId":"6287cfde-6551-432c-9822-1d5d38392b38"}
2023-12-09T14:23:43.429Z info: 
{"requestId":"2881a69a-73ec-4864-bc6f-243495d027ad"}
2023-12-09T14:23:43.444Z info: 
{"requestId":"101f9340-66be-472c-a653-bb35647dc2f3"}
2023-12-09T14:24:06.806Z info: 
{"requestId":"58c0f937-907b-4361-9fee-07f576a4c7a0"}
2023-12-09T14:24:06.841Z info: 
{"requestId":"2a947371-76de-46a3-93c0-9b6f570e3100"}
2023-12-09T14:24:06.871Z info: 
{"requestId":"f01149d3-61bf-4b47-83da-719a13dbe126"}
2023-12-09T14:24:06.948Z info: 
{"requestId":"12d86a99-24a9-4c89-ba80-4ac202dd5231"}
2023-12-09T14:24:35.777Z info: 
{"requestId":"89f0cbcd-62ef-4a24-b8c1-d5f089b0fd92"}
2023-12-09T14:24:35.855Z info: 
{"requestId":"9ece6468-85d5-41d7-8e26-af0d515b7b6b"}
2023-12-09T14:24:35.875Z info: 
{"requestId":"b51402ee-0dbb-4385-8cd3-23ecf4824b2f"}
2023-12-09T14:24:35.887Z info: 
{"requestId":"3c7e4b51-8ea2-486e-a051-579ced41ccd8"}
2023-12-09T14:24:49.064Z info: 
{"requestId":"fb96d394-a5ab-4dff-9005-278fa7077053"}
2023-12-09T14:24:49.075Z info: 
{"requestId":"7c2d4e5e-c98a-4680-8d99-540b8b01de61"}
2023-12-09T14:24:49.082Z info: 
{"requestId":"d1d0a5cc-2759-4b53-8dc4-e08b3eb9dde5"}
2023-12-09T14:24:49.091Z info: 
{"requestId":"26dd01e2-7045-42a2-ba06-f14e4ecf2471"}
2023-12-09T14:26:42.635Z info: 
{"requestId":"16cb3664-6b0a-4d62-8459-3fc71f7f2042"}
2023-12-09T14:26:42.682Z info: 
{"requestId":"fa40c13f-58c7-4c37-9a55-e793078aa919"}
2023-12-09T14:26:42.712Z info: 
{"requestId":"285e2bc8-565b-4976-8bcc-d108a13b2574"}
2023-12-09T14:26:42.735Z info: 
{"requestId":"e03f0f46-cda6-4377-85e9-c503f9724b59"}
2023-12-09T14:26:53.004Z info: 
{"requestId":"fca63399-d6c8-41e5-9c75-383a03ae7f43"}
2023-12-09T14:26:53.039Z info: 
{"requestId":"85906967-9791-4b60-ac83-f509dad66016"}
2023-12-09T14:26:53.094Z info: 
{"requestId":"7528a21f-5091-439d-8977-b1ef2abdb861"}
2023-12-09T14:27:38.769Z info: 
{"requestId":"cb76043e-e49d-4b72-8518-9f010331e01d"}
2023-12-09T14:27:38.861Z info: 
{"requestId":"acd091c9-ffd8-43b3-8378-ecc262498753"}
2023-12-09T14:27:38.883Z info: 
{"requestId":"9da7ca76-d65c-4fe7-81e7-7f11f0d9399f"}
2023-12-09T14:27:38.898Z info: 
{"requestId":"1cb2cba0-c375-4d6a-bfcd-9898499ac034"}
2023-12-09T14:27:38.915Z info: 
{"requestId":"6ed4d15f-05d9-4460-9f6f-4f9ff4ed6ac2"}
2023-12-09T14:27:39.362Z info: 
{"requestId":"4a360a1a-7947-4f31-bfcc-fff0c7e00ad5"}
2023-12-09T14:28:06.259Z info: 
{"requestId":"9970c4b0-092e-4138-b266-a74ddd18e71b"}
2023-12-09T14:28:06.290Z info: 
{"requestId":"289c41ca-e792-425e-a752-cd1f2d6cad46"}
2023-12-09T14:29:06.321Z info: 
{"requestId":"dd1ed114-c5bf-421f-9cd7-d166677de5b7"}
2023-12-09T14:29:06.326Z info: 
{"requestId":"fbf77530-1983-4ed5-be37-759c5e585384"}
2023-12-09T14:29:06.407Z info: 
{"requestId":"643e2664-92bd-4bd2-953d-93c0a07ddc6f"}
2023-12-09T14:29:06.425Z info: 
{"requestId":"7246902d-3c5b-4865-8dea-be10843f9847"}
2023-12-09T14:30:25.265Z info: 
{"requestId":"88fd0546-974c-411a-b87a-72de67e8d81a"}
2023-12-09T14:30:25.330Z info: 
{"requestId":"cf820bc2-3b04-4df3-909b-9959f3c25d1c"}
2023-12-09T14:31:00.586Z info: 
{"requestId":"f8458ac2-b0b6-496c-b3db-f2315d7d4286"}
2023-12-09T14:31:00.609Z info: 
{"requestId":"9b30a611-99f7-4f63-b441-c45a65cae0a6"}
2023-12-09T14:33:25.824Z info: 
{"requestId":"0237ae4d-cf16-40a2-a616-af55dfd9c67e"}
2023-12-09T14:33:25.871Z info: 
{"requestId":"f985fcff-4cce-4c6d-831c-2bcb0590ef25"}
2023-12-09T14:33:25.893Z info: 
{"requestId":"5b906ca4-2384-48e2-8135-a8671c145b92"}
2023-12-09T14:33:25.900Z info: 
{"requestId":"97cf46ed-c5c6-4274-99fa-239658d89b14"}
2023-12-09T14:33:26.051Z info: 
{"requestId":"b3ed671e-725e-4f46-a67c-8e865acd1f11"}
2023-12-09T14:34:36.302Z info: 
{"requestId":"f6af8101-426a-4319-a61c-b9758f24997d"}
2023-12-09T14:34:36.366Z info: 
{"requestId":"baaf54a9-0bd7-4b31-9588-0de59e0586c4"}
2023-12-09T14:34:36.384Z info: 
{"requestId":"4329f68d-9774-4426-9469-7bbe3982ac51"}
2023-12-09T14:34:36.412Z info: 
{"requestId":"1132fa98-c95a-4b01-96b1-89b39badc858"}
2023-12-09T14:40:07.909Z info: 
{"requestId":"845bfd76-9e16-403c-a715-f7233c503038"}
2023-12-09T14:40:07.965Z info: 
{"requestId":"836a2fc0-213c-4ed5-a757-86214e51a26b"}
2023-12-09T14:40:07.974Z info: 
{"requestId":"375f7404-35d8-42ec-aa36-c3b085bb60d0"}
2023-12-09T14:40:07.984Z info: 
{"requestId":"7d93bd64-93e0-42e4-a277-a9f413751535"}
2023-12-09T14:40:26.855Z info: 
{"requestId":"2719089e-d56d-4248-b7b4-73974df1589b"}
2023-12-09T14:40:26.924Z info: 
{"requestId":"accd3b82-f2ba-46fc-ab90-394186667d74"}
2023-12-09T14:40:26.936Z info: 
{"requestId":"8e209ae4-1c40-42b2-9ad3-331a0709f8ea"}
2023-12-09T14:41:59.030Z info: 
{"requestId":"6c095b95-21e4-4764-9949-c4b3ddb233f8"}
2023-12-09T14:41:59.096Z info: 
{"requestId":"cc986bae-5f43-4c39-bcbb-2bde07b20e12"}
2023-12-09T14:41:59.138Z info: 
{"requestId":"72ea3719-5987-48f6-9b04-7f2e4a174b57"}
2023-12-09T14:42:48.635Z info: 
{"requestId":"1705fd7c-f4de-404a-9d29-7a15e8a53692"}
2023-12-09T14:42:48.663Z info: 
{"requestId":"2598186d-9f52-4aab-8a55-17968a48f64f"}
2023-12-09T14:42:48.741Z info: 
{"requestId":"cf578092-8a39-4327-8f56-10ff5ff6c417"}
2023-12-09T14:42:48.756Z info: 
{"requestId":"55d2d24f-2b7d-4779-8236-2db96ab5a7de"}
2023-12-09T14:44:00.904Z info: 
{"requestId":"5385b62b-4dea-4098-a4c4-3c50e1f4701f"}
2023-12-09T14:44:01.000Z info: 
{"requestId":"f5fbcc66-d41f-4b81-be00-2241b717d779"}
2023-12-09T14:44:01.013Z info: 
{"requestId":"5bb81dfe-1919-4ae9-86dc-0bc10489ecc4"}
2023-12-09T14:44:08.089Z info: 
{"requestId":"2e68fea0-ac5d-4b16-8d01-f741cbe1f7f5"}
2023-12-09T14:44:08.114Z info: 
{"requestId":"63357918-6065-4c20-8cfe-0ecaabe27bb4"}
2023-12-09T14:44:08.153Z info: 
{"requestId":"28dd42f3-5297-474b-8919-161ecdf61133"}
2023-12-09T14:44:08.161Z info: 
{"requestId":"e52b7dba-7e31-4ea7-89e0-6c9149a8e96a"}
2023-12-09T14:44:20.687Z info: 
{"requestId":"a413e5d9-7a9d-4b64-aa07-d9c89c438d9b"}
2023-12-09T14:44:20.837Z info: 
{"requestId":"14a02066-d9e6-4df5-bc03-7e93af23f89f"}
2023-12-09T14:44:20.845Z info: 
{"requestId":"b2239c6b-5b0f-4621-ba1f-cde21fa94b06"}
2023-12-09T14:44:20.853Z info: 
{"requestId":"eec09b98-f5f3-427e-8c55-3b8eb9da0231"}
2023-12-09T14:44:20.862Z info: 
{"requestId":"66aa1684-f647-434d-987d-5c0e58bbb9c9"}
2023-12-09T14:44:21.115Z info: 
{"requestId":"b5705f95-a82f-424e-8e01-b6e6f594b6a1"}
2023-12-09T14:44:52.533Z info: 
{"requestId":"b7978950-2d06-4348-a69e-59260dc4fc4e"}
2023-12-09T14:44:59.768Z info: 
{"requestId":"e4620217-5ebe-456d-869a-7b552c047557"}
2023-12-09T14:44:59.819Z info: 
{"requestId":"1f5cc266-0acf-44a8-a58e-8162a9d6993c"}
2023-12-09T14:44:59.880Z info: 
{"requestId":"e36cd5cf-1d60-4163-82fb-897478fcf955"}
2023-12-09T14:44:59.886Z info: 
{"requestId":"ded07a96-3d86-4690-8a5e-7527ca8c78ab"}
2023-12-09T14:44:59.908Z info: 
{"requestId":"c030b2db-91f2-412a-96cd-d0382fbbeba4"}
2023-12-09T14:46:37.723Z info: 
{"requestId":"46706363-59b8-4d00-ac96-5b5a1a7b871c"}
2023-12-09T14:46:37.742Z info: 
{"requestId":"e0fcd9d3-a2f9-4175-84b7-0080b79ebd08"}
2023-12-09T14:46:37.776Z info: 
{"requestId":"8274d484-8605-4538-9f52-e7f3ed75c391"}
2023-12-09T14:46:37.789Z info: 
{"requestId":"28be5e1f-ac85-4c53-8098-fa3b67b4755f"}
2023-12-09T14:46:37.981Z info: 
{"requestId":"1345e509-29f3-494c-a063-87f4c78e7e47"}
2023-12-09T14:46:47.020Z info: 
{"requestId":"b49648fc-34b1-4a72-a02d-d3bbea9c3909"}
2023-12-09T14:46:47.037Z info: 
{"requestId":"029ba54a-06bd-41f8-8b30-b6a78174830e"}
2023-12-09T14:46:47.051Z info: 
{"requestId":"ef85ff0e-b60c-4905-9b7a-63eb8f9c74fa"}
2023-12-09T14:46:47.062Z info: 
{"requestId":"22e9892f-7cff-45fa-b2b6-786612700f99"}
2023-12-09T14:46:47.314Z info: 
{"requestId":"57f108f2-833d-49c4-a64b-477597f8a7aa"}
2023-12-09T14:46:54.257Z info: 
{"requestId":"63b4517a-1762-4858-a5da-72e11faa23f1"}
2023-12-09T14:46:54.284Z info: 
{"requestId":"0dfdfdbf-08b9-4116-bec9-c2cc972bdf5d"}
2023-12-09T14:46:54.323Z info: 
{"requestId":"198f1880-128a-437b-a39c-e78de97a92fb"}
2023-12-09T14:46:54.349Z info: 
{"requestId":"4e59dfd9-a00f-4d4d-8793-686b4224a35b"}
2023-12-09T14:47:11.924Z info: 
{"requestId":"a9b8190e-9f67-4bec-adec-8b79d919c42a"}
2023-12-09T14:47:56.079Z info: 
{"requestId":"43943f6d-c764-49cf-9462-1ba250d87eac"}
2023-12-09T14:50:02.197Z info: 
{"requestId":"5e5bfa14-f481-45c6-ab51-c96de5b9df4a"}
2023-12-09T14:50:05.594Z info: 
{"requestId":"a7e247d9-e3c8-4815-b270-9c21578c69dc"}
2023-12-09T14:52:05.299Z info: 
{"requestId":"b42bc1eb-f3d8-4adb-b651-9c378720b5c2"}
2023-12-09T14:52:05.318Z info: 
{"requestId":"b285e252-00e6-4e0d-bed7-17f3cf4c4780"}
2023-12-09T14:52:13.630Z info: 
{"requestId":"410b0559-ad14-4f64-a885-e95ec381e4cc"}
2023-12-09T14:53:48.513Z info: 
{"requestId":"39df82a9-0221-4474-9ada-27d5d4323669"}
2023-12-09T14:55:23.291Z info: 
{"requestId":"92926a87-b65c-4711-aae0-08e5c30fe103"}
2023-12-09T14:56:21.652Z info: 
{"requestId":"58749d07-1139-47f0-a2ec-91debfa1bcbb"}
2023-12-09T14:56:49.245Z info: 
{"requestId":"11641754-9c65-4128-a813-fb3736adaffd"}
2023-12-09T14:56:49.252Z info: 
{"requestId":"064ee99c-695e-480b-b64e-599e64f6ad13"}
2023-12-09T14:56:49.325Z info: 
{"requestId":"e484a9c6-d7df-4bed-955f-3c210cbbe4da"}
2023-12-09T14:57:07.379Z info: 
{"requestId":"486a24cf-2dc7-47cc-932b-13af335eb841"}
2023-12-09T14:59:07.912Z info: 
{"requestId":"33501e08-7d4b-4e6f-af56-c8ba25e08705"}
2023-12-09T14:59:07.942Z info: 
{"requestId":"a9f089be-3324-49cf-a607-b0f908688f1a"}
2023-12-09T15:00:29.231Z info: 
{"requestId":"11862933-4b7f-48c1-a5c6-2ad2c21ef4c4"}
2023-12-09T15:00:29.237Z info: 
{"requestId":"790184c9-0a62-4436-8d2f-b72bbe4b6ed6"}
2023-12-09T15:00:36.832Z info: 
{"requestId":"3868d22c-bcbb-4453-afb3-5c8f6fc90ac3"}
2023-12-09T15:02:52.137Z info: 
{"requestId":"4016baca-0e1b-4a0e-af9d-d8976765abcf"}
2023-12-09T15:02:52.172Z info: 
{"requestId":"34ffaeb3-3920-48e8-9dcd-211a790f289e"}
2023-12-09T15:02:52.179Z info: 
{"requestId":"556f950d-e87e-4f78-9143-368eeca4f435"}
2023-12-09T15:02:52.189Z info: 
{"requestId":"3b72857c-620d-4085-9811-2368e4c62e5b"}
2023-12-09T15:02:52.197Z info: 
{"requestId":"ec2bdadb-c0c4-43d5-9af3-16ca277f5520"}
2023-12-09T15:02:52.475Z info: 
{"requestId":"43937fe8-dbb0-40f2-8bb5-6c68e9e0b449"}
2023-12-09T15:02:59.413Z info: 
{"requestId":"d8674786-c3c5-4318-8128-a39eb176d08b"}
2023-12-09T15:02:59.508Z info: 
{"requestId":"05925665-94fd-41f7-a429-8879ddb84e63"}
2023-12-09T15:03:21.340Z info: 
{"requestId":"a31b956d-7541-434a-9edc-fbb1eec9057f"}
2023-12-09T15:03:21.384Z info: 
{"requestId":"58583b31-0942-461d-83e8-d303ff48f420"}
2023-12-09T15:03:21.414Z info: 
{"requestId":"0e12687a-01cd-43fd-8e7c-60be78f244fc"}
2023-12-09T15:03:21.437Z info: 
{"requestId":"9a0737a2-7b11-429e-891b-e365fb7d7aea"}
2023-12-09T15:03:21.459Z info: 
{"requestId":"92806c90-7f70-47af-95fb-d21d3262b746"}
2023-12-09T15:03:21.488Z info: 
{"requestId":"f7c1f0a0-8202-49b9-a070-11fc15ce8b25"}
2023-12-09T15:07:52.497Z info: 
{"requestId":"3f5557cb-8a9d-40db-b202-c4e4226b447c"}
2023-12-09T15:07:52.524Z info: 
{"requestId":"b3cd4fc6-cf97-4752-9b7e-44e1bb641381"}
2023-12-09T15:07:52.532Z info: 
{"requestId":"9eeebf13-3776-4b2a-adad-ca381c87f9d8"}
2023-12-09T15:07:52.540Z info: 
{"requestId":"ac7ca21e-e0df-4b76-b231-12155ecb1eda"}
2023-12-09T15:28:41.860Z info: 
{"requestId":"d288401d-62f1-4c22-9791-149bc5b25028"}
2023-12-09T15:28:41.904Z info: 
{"requestId":"2d7f6f39-6040-4d51-a541-c9086f64f017"}
2023-12-09T15:28:41.954Z info: 
{"requestId":"ea1cc194-d8fe-4b43-8693-dad286866431"}
2023-12-09T15:33:40.866Z info: 
{"requestId":"f7183a6a-94b4-449d-97cd-029989dcf970"}
2023-12-09T15:34:05.523Z info: 
{"requestId":"87980eec-0e76-4a36-b5c6-3706ca44bd7d"}
2023-12-09T15:34:05.571Z info: 
{"requestId":"507c694c-5ed8-4990-999a-60d2756449cc"}
2023-12-09T15:34:05.584Z info: 
{"requestId":"2d6068fd-1b5d-43ae-bb53-b23b91acb7f0"}
2023-12-09T15:34:05.601Z info: 
{"requestId":"2b33467f-4ecb-4989-bf16-997e9d5ee1d7"}
2023-12-09T15:34:05.610Z info: 
{"requestId":"1339db9b-1096-48ae-bef7-87d172426633"}
2023-12-09T15:34:05.916Z info: 
{"requestId":"8c0a43e1-8fc7-4c9a-800b-468127c5a732"}
2023-12-09T15:34:14.280Z info: 
{"requestId":"caeaa892-f6a4-44ec-a21d-95dead84c260"}
2023-12-09T15:38:42.276Z info: 
{"requestId":"81393fe8-8540-4a16-b2a5-c068d9317f95"}
2023-12-09T15:38:42.300Z info: 
{"requestId":"1d54bfbf-01f4-42e9-949f-c957090256d1"}
2023-12-09T15:38:50.184Z info: 
{"requestId":"7fd0e9f2-9a40-4e9d-9b82-38285d97fa81"}
2023-12-09T15:38:50.232Z info: 
{"requestId":"09ae1bc4-8b47-4c77-9b78-7bdd33060680"}
2023-12-09T15:39:59.836Z info: 
{"requestId":"0bc620b8-c61b-4035-b5ef-1d19bcdd84a8"}
2023-12-09T15:39:59.861Z info: 
{"requestId":"3d19c7e9-5fcb-4328-a78b-875a2f9d318a"}
2023-12-09T15:39:59.924Z info: 
{"requestId":"db2626f7-bd0e-46ac-ae5b-8d21c37a7dae"}
2023-12-09T15:40:18.929Z info: 
{"requestId":"c6ef7eef-0098-4b03-99ec-8e07250e719c"}
2023-12-09T15:40:18.961Z info: 
{"requestId":"4fb7bafa-bde5-4a9e-8454-3000772d5286"}
2023-12-09T15:40:30.359Z info: 
{"requestId":"c4d14afe-9e5d-4f37-be32-6259f6317800"}
2023-12-09T15:40:30.379Z info: 
{"requestId":"b9a6472c-11e6-4bdc-a0fc-c3106f3e844d"}
2023-12-09T15:40:33.417Z info: 
{"requestId":"901f6e39-d6ec-42f3-b3dc-f10a8e36563a"}
2023-12-09T15:40:33.474Z info: 
{"requestId":"f503fcf0-5a4f-4ae7-bbe1-3e8cee35cff0"}
2023-12-09T15:43:32.954Z info: 
{"requestId":"22fc14aa-8154-4a1a-8988-72b4acfa13d4"}
2023-12-09T15:43:42.508Z info: 
{"requestId":"88192e60-20ca-4b62-941e-f80cdf02db0c"}
2023-12-09T15:43:42.518Z info: 
{"requestId":"55559970-8b58-4cf2-877d-b05d5f070ac0"}
2023-12-09T15:43:42.636Z info: 
{"requestId":"a8607ef1-0e25-4953-b19a-ddf53c55f952"}
2023-12-09T15:43:59.263Z info: 
{"requestId":"479d5b7a-59a2-4e9d-93ce-4124b407b9b8"}
2023-12-09T15:43:59.295Z info: 
{"requestId":"f37431b5-ac52-4b0d-8a00-bde99f255f56"}
2023-12-09T15:45:08.104Z info: 
{"requestId":"bd40c28b-16b7-4fa2-8edc-aebb9f29677e"}
2023-12-09T15:45:08.124Z info: 
{"requestId":"72c37330-c776-4407-9c6d-039f22009ac1"}
2023-12-09T15:45:08.178Z info: 
{"requestId":"b9434b5a-36d3-45c2-89a7-077fd0b28f12"}
2023-12-09T15:45:27.335Z info: 
{"requestId":"dd6dfd46-723e-4e5b-81f4-240eaced754f"}
2023-12-09T15:45:27.370Z info: 
{"requestId":"6e16ef81-0ec7-44e5-830c-9b0619f247db"}
2023-12-09T15:45:46.265Z info: 
{"requestId":"d3c80ac5-68b3-4308-9dfe-ad0b29815e0d"}
2023-12-09T15:45:46.284Z info: 
{"requestId":"f9c13c6a-7b31-4f58-9c89-a3816d81381d"}
2023-12-09T15:45:46.351Z info: 
{"requestId":"393c4432-f3a3-4008-9979-1f58cd02cd1b"}
2023-12-09T15:45:54.052Z info: 
{"requestId":"3e6f8941-1876-4e2f-9bbe-6a47afd7aedf"}
2023-12-09T15:45:54.126Z info: 
{"requestId":"42a7aaab-7181-4546-a54b-478b9fd501d5"}
2023-12-09T15:45:59.528Z info: 
{"requestId":"7a78bd33-4d24-456d-9c81-ae98a4609099"}
2023-12-09T15:45:59.580Z info: 
{"requestId":"5212ce20-b8eb-43be-b893-2ede9ae5a2c7"}
2023-12-09T15:46:02.450Z info: 
{"requestId":"09f1a6c4-f980-45e5-8dba-46f170644099"}
2023-12-09T15:46:02.530Z info: 
{"requestId":"637fe954-95cf-4cd2-81af-99579161dfee"}
2023-12-09T15:46:03.878Z info: 
{"requestId":"cae40808-817f-4e59-9776-5ba926b96f38"}
2023-12-09T15:46:03.931Z info: 
{"requestId":"ee0a3a8c-3031-4f2f-b8fd-64d3f0d4144a"}
2023-12-09T15:46:05.340Z info: 
{"requestId":"163d00f1-eb25-46e3-90ba-6533b381ac5d"}
2023-12-09T15:46:05.378Z info: 
{"requestId":"c885c974-15fe-4322-a5db-f771ae745922"}
2023-12-09T15:46:07.158Z info: 
{"requestId":"ef1da275-0172-44fd-86bf-05f41609a3ae"}
2023-12-09T15:46:07.214Z info: 
{"requestId":"cf854da5-10f3-40db-94b4-bf67232277a8"}
2023-12-09T15:46:09.834Z info: 
{"requestId":"e295ce46-85ed-4875-b561-ea035213f6fc"}
2023-12-09T15:46:13.224Z info: 
{"requestId":"2e309cd5-b94a-4ac2-828c-5b15d936c539"}
2023-12-09T15:46:13.262Z info: 
{"requestId":"1f567c71-623f-4ba8-ac17-2f230b181f85"}
2023-12-09T15:46:16.792Z info: 
{"requestId":"42976810-928e-4271-b30e-ec721368c6c7"}
2023-12-09T15:46:16.867Z info: 
{"requestId":"85b68deb-0e80-4505-aa4e-300d5c9ff51c"}
2023-12-09T15:46:19.799Z info: 
{"requestId":"e8bdc948-c5ec-4673-85dc-7076ec7a67e3"}
2023-12-09T15:46:19.905Z info: 
{"requestId":"f8fa3d88-5174-4af6-a3da-790e26923369"}
2023-12-09T15:46:21.187Z info: 
{"requestId":"4dd8d444-617b-4920-93a3-3d4a7e1c99ef"}
2023-12-09T15:46:27.172Z info: 
{"requestId":"0441ba53-a3b8-4b37-aaa9-7c41549b8583"}
2023-12-09T15:46:27.186Z info: 
{"requestId":"1b73e321-2afe-4afc-8698-56e8b841d504"}
2023-12-09T15:46:27.207Z info: 
{"requestId":"d8162544-1e79-4875-b0a8-5a6853237f5e"}
2023-12-09T15:46:27.232Z info: 
{"requestId":"7b905238-44b7-47e8-8aa7-a1cb37662400"}
2023-12-09T15:46:30.527Z info: 
{"requestId":"8e41e728-4d2b-4818-927d-04a0a83c9cb4"}
2023-12-09T15:46:30.636Z info: 
{"requestId":"ec648fb6-b9f0-4775-b054-9345c2c9e1d0"}
2023-12-09T15:46:35.881Z info: 
{"requestId":"ee3ec3c9-88af-41cd-a204-7114d1b72421"}
2023-12-09T15:46:35.932Z info: 
{"requestId":"da8e720b-cb02-47fe-b892-23a437a79f19"}
2023-12-09T15:46:39.122Z info: 
{"requestId":"7933227a-24aa-4a64-b1a6-dc099cc97177"}
2023-12-09T15:46:39.137Z info: 
{"requestId":"4ffc4e3e-ef66-455b-8f5b-c1200b4cb103"}
2023-12-09T15:46:39.143Z info: 
{"requestId":"8d598ea5-4ba3-4e0c-be38-721048c26705"}
2023-12-09T15:46:39.192Z info: 
{"requestId":"165474b7-e171-476c-aab2-d2bdc52d8b02"}
2023-12-09T15:51:53.042Z info: 
{"requestId":"99da0acc-dbcc-4675-9155-45df4edd4d21"}
2023-12-09T15:51:53.372Z info: 
{"requestId":"13f14ab7-0276-46d9-8e86-f2fea2e6f200"}
2023-12-09T15:52:00.380Z info: 
{"requestId":"1ce0df09-19b1-46c1-87d8-53d31657a682"}
2023-12-09T15:59:04.730Z info: 
{"requestId":"6160e25b-726a-46ad-bbe0-162e99c6a1fe"}
2023-12-09T16:00:20.599Z info: 
{"requestId":"46a1860f-b7f6-4d68-addd-c82fa3425e99"}
2023-12-09T16:00:20.631Z info: 
{"requestId":"7c99c25b-4446-40e2-8105-1e9ef8af4cde"}
2023-12-09T16:00:20.636Z info: 
{"requestId":"b51b8b90-c33e-4858-8892-004eaace3bb4"}
2023-12-09T16:00:20.643Z info: 
{"requestId":"6d924e27-f666-4f79-8df3-48637e13cbd8"}
2023-12-09T16:00:20.744Z info: 
{"requestId":"584aceb8-1dad-4978-a66a-15b9c0fad788"}
2023-12-09T16:00:27.137Z info: 
{"requestId":"4607f6b4-cab6-498e-8da2-56ade8c3b8fb"}
2023-12-09T16:00:27.207Z info: 
{"requestId":"1c4ec54f-7198-45ab-bc98-0fd70a130ef3"}
2023-12-09T16:00:33.254Z info: 
{"requestId":"45d46f62-124a-49cf-b842-6f6730b26bb3"}
2023-12-09T16:00:33.322Z info: 
{"requestId":"07acd501-2265-4b79-ba90-3822de4ca52c"}
2023-12-09T16:00:37.417Z info: 
{"requestId":"f9ed033c-0588-47cd-b888-e1f325e22303"}
2023-12-09T16:00:37.449Z info: 
{"requestId":"40b24b40-46de-4faa-9206-62c8a1b6e602"}
2023-12-09T16:00:37.461Z info: 
{"requestId":"bfdfca9b-cde3-4d22-8077-88df349b693e"}
2023-12-09T16:01:16.678Z info: 
{"requestId":"fa7a3c90-e845-49dc-b9f7-d49f800db6b2"}
2023-12-09T16:01:16.716Z info: 
{"requestId":"e6ce2d76-9e38-4468-aa81-a4e32a102c8e"}
2023-12-09T16:01:27.611Z info: 
{"requestId":"84ca4545-b05d-4156-8d7b-5e44e29980c0"}
2023-12-09T16:01:27.666Z info: 
{"requestId":"ae610338-e3d7-47ec-9995-674ab8d8f2b3"}
2023-12-09T16:01:33.524Z info: 
{"requestId":"eff92158-72e7-4884-935a-0a139c57ac31"}
2023-12-09T16:01:33.536Z info: 
{"requestId":"bee0ec9e-2695-43f7-b719-3f1c5f18463e"}
2023-12-09T16:01:33.546Z info: 
{"requestId":"6f4f5a9a-b79c-4499-a749-f2dc70cef733"}
2023-12-09T16:02:28.853Z info: 
{"requestId":"32419fb8-396c-4749-bd37-3368e8838009"}
2023-12-09T16:02:28.908Z info: 
{"requestId":"25aaf87d-9293-4e73-82e9-dffb8762cb4d"}
2023-12-09T16:04:06.695Z info: 
{"requestId":"d6883bc4-fed2-4fbc-9eee-e3dc375be80e"}
2023-12-09T16:04:06.736Z info: 
{"requestId":"6b38efd0-3da1-46a0-8cc6-399015b1d75f"}
2023-12-09T16:04:06.749Z info: 
{"requestId":"9181beff-240c-451f-80fd-8cbd2eca1d96"}
2023-12-09T16:04:06.754Z info: 
{"requestId":"baa6b998-1045-48a9-b32f-aeff69fef29b"}
2023-12-09T16:04:13.235Z info: 
{"requestId":"de171dd3-b4fe-46a4-bed0-84f1e605c847"}
2023-12-09T16:04:13.398Z info: 
{"requestId":"23a3fdcb-a13f-4fdc-a66a-b99fa9e0bc9f"}
2023-12-09T16:04:24.430Z info: 
{"requestId":"82ed4d0d-f634-479a-8cb5-da8e081a81dc"}
2023-12-09T16:04:24.552Z info: 
{"requestId":"be5848fe-c283-4494-af75-e0a02c1db607"}
2023-12-09T16:04:43.781Z info: 
{"requestId":"6aec5f61-fa61-4ac1-9828-acb82287d795"}
2023-12-09T16:04:43.854Z info: 
{"requestId":"221c4f09-c3e7-433a-9d35-40d4951e8a23"}
2023-12-09T16:04:47.044Z info: 
{"requestId":"38094aba-4d39-4f7b-9a4d-727b5c40c97a"}
2023-12-09T16:04:47.160Z info: 
{"requestId":"7bbc792c-2598-45b4-bea4-1060fa3101bc"}
2023-12-09T16:05:23.253Z info: 
{"requestId":"6fb57d2c-7515-42cb-bc3b-4c5a61c081ff"}
2023-12-09T16:05:23.319Z info: 
{"requestId":"a720e242-56aa-4200-8ac3-89b973c50f6e"}
2023-12-09T16:06:17.458Z info: 
{"requestId":"0cd8e891-aff9-42d1-8683-3f2ba8e9465a"}
2023-12-09T16:06:17.523Z info: 
{"requestId":"a8624430-b715-4a79-a47e-3b8cbf84a4b2"}
2023-12-09T16:06:31.266Z info: 
{"requestId":"9567fa82-b9c3-4259-bb96-6cc79a6bc7b8"}
2023-12-09T16:06:31.320Z info: 
{"requestId":"b2a8b3b6-608a-4180-99f7-44c432d09ed6"}
2023-12-09T16:06:31.329Z info: 
{"requestId":"e49ccb75-e57f-42bd-968d-d07f50f088b7"}
2023-12-09T16:06:31.341Z info: 
{"requestId":"59f29dc4-0ad2-49f2-9173-558d44c8ca6d"}
2023-12-09T16:06:31.441Z info: 
{"requestId":"617ac540-e97e-4ce2-b7df-000c545d53af"}
2023-12-09T16:06:31.449Z info: 
{"requestId":"42c26e98-ee54-4369-bb8b-1e912f9f8849"}
2023-12-09T16:06:42.604Z info: 
{"requestId":"c3a24141-bb57-4e2e-926b-feb5717d5103"}
2023-12-09T16:06:42.749Z info: 
{"requestId":"b117381f-950e-4a89-bd32-fb5b64f6d432"}
2023-12-09T16:06:42.774Z info: 
{"requestId":"357d061e-00ac-4786-b88f-8d3de1685ec7"}
2023-12-09T16:06:42.810Z info: 
{"requestId":"818aad5e-6356-4298-a625-443177f62e80"}
2023-12-09T16:06:42.865Z info: 
{"requestId":"40e3f229-e4ad-4e55-a830-2ec1e792b6a5"}
2023-12-09T16:06:42.907Z info: 
{"requestId":"4c138e68-2027-4ef6-8b81-5ba4ca8cc923"}
2023-12-09T16:06:45.843Z info: 
{"requestId":"af66589d-7131-4bd0-9314-60f11154f637"}
2023-12-09T16:06:46.008Z info: 
{"requestId":"a4fd07d5-3fd7-4c28-b8c2-031148fb297f"}
2023-12-09T16:07:13.303Z info: 
{"requestId":"da37edb5-b78e-4965-b73b-f472198090d6"}
2023-12-09T16:07:13.344Z info: 
{"requestId":"ce426661-a7d9-429f-9c7e-601865100f12"}
2023-12-09T16:07:13.402Z info: 
{"requestId":"c88ac61f-158f-4fa8-acae-819f36d43191"}
2023-12-09T16:07:13.417Z info: 
{"requestId":"b6f598bf-a232-4404-9cef-16a0eae973b4"}
2023-12-09T16:07:15.622Z info: 
{"requestId":"1f4b00a4-0d9c-41c9-a203-4ffd695959f4"}
2023-12-09T16:07:15.759Z info: 
{"requestId":"8b42a3d4-cdf6-4fb8-af07-2e2ed39b332c"}
2023-12-09T16:07:15.819Z info: 
{"requestId":"8d799247-b9d5-4517-8303-d25e424ed93a"}
2023-12-09T16:07:30.973Z info: 
{"requestId":"60c1c964-f977-4992-9f00-0733a7940583"}
2023-12-09T16:07:31.021Z info: 
{"requestId":"4b210f8e-1c39-4298-8b28-213b7e96f93e"}
2023-12-09T16:07:31.046Z info: 
{"requestId":"8bd67c4a-112c-449d-9774-3663002e6ea7"}
2023-12-09T16:07:31.059Z info: 
{"requestId":"b4123934-3c0d-4471-b4cf-69136cd8de1d"}
2023-12-09T16:07:31.106Z info: 
{"requestId":"634e1fb8-c0a2-4ec9-874a-72e59472c6b3"}
2023-12-09T16:08:42.973Z info: 
{"requestId":"728b9ee1-2f56-4f1d-a4d6-91eaa5e40eff"}
2023-12-09T16:08:42.993Z info: 
{"requestId":"e9bfa2ed-e969-4c5d-bb51-a316d8d8ad5e"}
2023-12-09T16:08:43.060Z info: 
{"requestId":"6b918d97-cdf2-4ba5-b36a-81ce55789eea"}
2023-12-09T16:08:43.096Z info: 
{"requestId":"eb31cdab-3fbd-4f0b-bd3b-5641e0161b7a"}
2023-12-09T20:37:55.926Z info: 
{"requestId":"a56a6478-bd5b-41e2-a041-b08206ad9d8f"}
2023-12-09T20:39:10.695Z info: 
{"requestId":"afb588a1-0f00-4544-b23f-c47570646b8e"}
2023-12-09T20:39:45.607Z info: 
{"requestId":"16c2f958-01e3-41d0-ba5c-f92936bea0b6"}
2023-12-09T20:43:14.430Z info: 
{"requestId":"434cbac9-748b-4180-aaf0-736316e47894"}
2023-12-09T20:44:24.389Z info: 
{"requestId":"05403454-eabd-4c9b-afbf-02be4c7f4f29"}
2023-12-09T20:54:26.237Z info: 
{"requestId":"e4e71b10-4e0d-4326-9782-201c472b2ac8"}
2023-12-09T20:54:41.338Z info: 
{"requestId":"e526f25a-8e23-436c-8a41-22489d1badfe"}
2023-12-09T21:12:12.788Z info: 
{"requestId":"09179279-0c41-45d1-a2e8-4426f7551447"}
2023-12-09T21:12:12.799Z info: 
{"requestId":"61111528-48de-4dd1-8e45-296b5ad6afed"}
2023-12-09T21:12:12.849Z info: 
{"requestId":"f8b1f989-0ccc-402e-9eb5-152792e4de8a"}
2023-12-09T21:12:12.856Z info: 
{"requestId":"0ec582c8-5bf1-4228-998f-aa59f973612a"}
2023-12-09T21:12:12.986Z info: 
{"requestId":"b816f273-6e62-40fd-9d63-c950b8230b61"}
2023-12-09T21:12:26.507Z info: 
{"requestId":"e2b43b60-169d-4ffb-b0bd-766dbc1dd634"}
2023-12-09T21:15:00.360Z info: 
{"requestId":"7de29546-0fcd-4ad5-a16a-7e95b7ebad3d"}
2023-12-09T21:15:00.380Z info: 
{"requestId":"1abf40e9-3381-4dd2-a54e-1102592f46df"}
2023-12-09T21:15:00.428Z info: 
{"requestId":"b7186f0b-97fb-4fee-b377-d7f323f24fb9"}
2023-12-09T21:15:00.432Z info: 
{"requestId":"ef6e1ace-4fd6-48fb-a08e-e71ecaf62964"}
2023-12-09T21:15:11.253Z info: 
{"requestId":"3325902e-f4c3-4d38-8baf-81915c1f3c8f"}
2023-12-09T21:15:27.819Z info: 
{"requestId":"a2298221-50bb-40d0-9cbd-4aade81fa702"}
2023-12-09T21:15:27.840Z info: 
{"requestId":"c3cfd028-fc47-4b19-8083-a6688a1f2c2a"}
2023-12-09T21:15:27.868Z info: 
{"requestId":"dc2b2d5b-43e9-4074-bb41-eb7b0ab63c15"}
2023-12-09T21:15:27.881Z info: 
{"requestId":"b9eb00b6-4e49-4ee2-9909-1c57725d7bbe"}
2023-12-09T21:15:28.004Z info: 
{"requestId":"7190fb21-3291-49ee-9479-55982a001fdf"}
2023-12-09T21:18:01.763Z info: 
{"requestId":"d68d3142-0e31-42a7-83b5-fb2cb4a4f641"}
2023-12-09T21:18:29.807Z info: 
{"requestId":"1e8ec62f-30c0-4e7b-876b-085bae6c534e"}
2023-12-09T21:18:54.315Z info: 
{"requestId":"34109bc5-bf6f-4260-89fa-d6ba04abfb02"}
2023-12-10T05:41:16.747Z info: 
{"requestId":"73cf3fd6-94c9-4257-85c1-cae28e5c8cd8"}
2023-12-10T05:41:16.940Z info: 
{"requestId":"9707b4e2-9d89-4801-bd71-5f8c9a15a126"}
2023-12-10T05:41:22.543Z info: 
{"requestId":"d6cc2d42-1877-4050-9efe-a1391c3dea47"}
2023-12-10T05:41:22.655Z info: 
{"requestId":"3a2a9ee7-8715-4423-bc02-43ef7e69acc2"}
2023-12-10T05:41:42.125Z info: 
{"requestId":"5751a16b-eab6-4cc2-887f-233b928e2483"}
2023-12-10T05:42:06.010Z info: 
{"requestId":"8e3f71d5-3e6a-4e0b-b389-25b642f36bbc"}
2023-12-10T05:42:06.136Z info: 
{"requestId":"affc981c-91b6-48ee-87a8-14441516e05f"}
2023-12-10T05:42:09.361Z info: 
{"requestId":"e9da4bc1-f66f-4ebd-9938-d318c4305eb5"}
2023-12-10T05:42:09.980Z info: 
{"requestId":"4c730685-8646-4560-83c4-4cbe3c2a68b5"}
2023-12-10T05:42:10.077Z info: 
{"requestId":"9d2dee2b-c35d-4fe5-b9ab-46a611de19b5"}
2023-12-10T05:43:34.763Z info: 
{"requestId":"b3758716-1821-4e1f-b3df-ffd6b351be50"}
2023-12-10T05:43:34.875Z info: 
{"requestId":"76d28c5b-6b13-4d40-998d-8712b1dbacfe"}
2023-12-10T05:43:36.146Z info: 
{"requestId":"9cacae21-fcff-475c-9b3b-e92edff9a1ba"}
2023-12-10T05:44:02.389Z info: 
{"requestId":"c64caf08-7b0c-4b41-b7fe-cc73d5f0ecb6"}
2023-12-10T05:44:02.574Z info: 
{"requestId":"c01fe481-2d2b-4318-9943-22e34f08e594"}
2023-12-10T05:44:03.185Z info: 
{"requestId":"0fc0bd63-3f16-467f-99ab-b31f2b81de20"}
2023-12-10T05:44:03.188Z info: 
{"requestId":"d372188d-6cd3-4cdf-9b1a-008d5cc90e5e"}
2023-12-10T05:44:03.219Z info: 
{"requestId":"a129f051-c228-4417-838f-40ad8ab781be"}
2023-12-10T05:44:03.240Z info: 
{"requestId":"ec5ff2f0-9ee9-48b6-84b3-c5aa223dac93"}
2023-12-10T05:44:16.086Z info: 
{"requestId":"e6d0b25c-efb7-478f-8239-b14d37f50ea3"}
2023-12-10T05:44:16.113Z info: 
{"requestId":"f65a7fd9-0296-4576-8023-85fec14f1c76"}
2023-12-10T05:44:16.116Z info: 
{"requestId":"d26ad57c-fde8-460b-9c31-850909d37344"}
2023-12-10T05:44:16.382Z info: 
{"requestId":"fecd948f-c85e-4d87-a0e5-031849b28ebb"}
2023-12-10T05:44:30.595Z info: 
{"requestId":"0dbf1be7-a4f6-450b-acb4-2bda2d3bca29"}
2023-12-10T05:44:30.608Z info: 
{"requestId":"4c4d4e29-8263-4176-ab5d-ae2fb23e1eae"}
2023-12-10T05:44:30.629Z info: 
{"requestId":"5de5daf7-9973-42e4-a746-62e7f05103ff"}
2023-12-10T05:44:30.633Z info: 
{"requestId":"665149a2-fd05-4da6-96a2-fb46415bcae7"}
2023-12-10T05:45:48.593Z info: 
{"requestId":"7e158568-335a-457b-808a-54e37685490c"}
2023-12-10T05:45:48.604Z info: 
{"requestId":"803e33c1-0230-4884-8406-b575921be293"}
2023-12-10T05:45:48.610Z info: 
{"requestId":"b065d2f7-f6a0-4d5f-a3e2-aaee61b535a5"}
2023-12-10T05:45:48.614Z info: 
{"requestId":"13126e8f-155c-427d-894a-089d7a92d3d5"}
2023-12-10T05:46:00.830Z info: 
{"requestId":"cf695b34-0362-4b84-a7da-691a80bfbb0d"}
2023-12-10T05:46:00.848Z info: 
{"requestId":"4ff261f8-979f-4efe-8ea7-9b8a903cfc75"}
2023-12-10T05:46:00.867Z info: 
{"requestId":"05f75a65-33ee-475a-8571-96fa5505b3ae"}
2023-12-10T05:46:00.872Z info: 
{"requestId":"b7cfefef-2fbf-4090-a24b-08827b010614"}
2023-12-10T05:46:33.614Z info: 
{"requestId":"842996f4-e737-4d49-9248-e865cbd9e158"}
2023-12-10T05:46:33.625Z info: 
{"requestId":"89553d62-eb74-4cb1-af48-d89d7d563da8"}
2023-12-10T05:46:33.647Z info: 
{"requestId":"185eb2a7-7ad3-4b93-8470-c0d489f09010"}
2023-12-10T05:47:27.716Z info: 
{"requestId":"8964957f-11c9-479a-8576-ad71341a35be"}
2023-12-10T05:47:27.734Z info: 
{"requestId":"fdf9baf1-944b-47c2-9ec6-cf1e0b57abff"}
2023-12-10T05:47:27.743Z info: 
{"requestId":"0c83aad3-36f8-4ab7-97dd-f9cca91a1cff"}
2023-12-10T05:47:27.752Z info: 
{"requestId":"22d99c02-a663-45ae-ad7e-4a75f4169185"}
2023-12-10T05:48:06.490Z info: 
{"requestId":"ea76b060-6b9d-4f64-bd05-f04202b0c81f"}
2023-12-10T05:48:06.506Z info: 
{"requestId":"a51715e2-8f7a-4cf7-b40b-f36d98af9f66"}
2023-12-10T05:48:06.520Z info: 
{"requestId":"de7f4e20-53b8-45ec-aa81-c145a2f7b93f"}
2023-12-10T05:48:06.525Z info: 
{"requestId":"18bba45a-5243-4ede-84d0-394de9ab0c41"}
2023-12-10T05:48:06.532Z info: 
{"requestId":"96f05635-1377-4289-afd5-6844458c5d0c"}
2023-12-10T05:48:39.982Z info: 
{"requestId":"b02d87b5-e822-4c63-b134-091b43dcb55a"}
2023-12-10T05:48:40.005Z info: 
{"requestId":"1bfd6af3-aef5-4a9c-a761-43eb023251bd"}
2023-12-10T05:48:40.011Z info: 
{"requestId":"788ba141-862c-4586-8d58-c09a3fa6e3a8"}
2023-12-10T05:49:00.301Z info: 
{"requestId":"34d3eaef-3cf2-450e-ad74-e6406a182513"}
2023-12-10T05:49:10.918Z info: 
{"requestId":"dbcaa93c-0552-4834-955c-3663a0ff645e"}
2023-12-10T05:49:10.928Z info: 
{"requestId":"7512171f-1d4e-4316-ad38-42af844d9463"}
2023-12-10T05:49:10.948Z info: 
{"requestId":"bb2781f0-c149-410c-aeb6-977344e4dd06"}
2023-12-10T05:49:10.952Z info: 
{"requestId":"c0d3bfbc-e102-4828-87c5-8d3cd35c6920"}
2023-12-10T05:49:48.568Z info: 
{"requestId":"3cada020-cd3e-4367-8f1f-8b218878422a"}
2023-12-10T05:49:54.325Z info: 
{"requestId":"28f924a1-bc52-4bf2-abbc-af66c68a7a74"}
2023-12-10T05:49:54.335Z info: 
{"requestId":"f8a981be-d05d-48ce-b140-5de2672b2174"}
2023-12-10T05:49:54.362Z info: 
{"requestId":"487aca08-d69f-45b9-837d-a0c82bc29582"}
2023-12-10T05:49:54.367Z info: 
{"requestId":"2dded0c4-807a-4e95-bdd1-5b2d21c4f66b"}
2023-12-10T05:50:40.738Z info: 
{"requestId":"a9faa718-a673-41b6-ad81-e3859eda2519"}
2023-12-10T05:50:43.505Z info: 
{"requestId":"c75f700b-9a53-4b96-baee-25061c9c2c95"}
2023-12-10T05:50:43.522Z info: 
{"requestId":"7b12df2f-4f55-48b2-b678-42f9655ca03b"}
2023-12-10T05:50:43.525Z info: 
{"requestId":"49cbdb0d-b7b6-41d5-8a3c-06ff29540a81"}
2023-12-10T05:51:15.935Z info: 
{"requestId":"54d7c09f-0f9d-4bc3-a5ab-a8180e0d4b51"}
2023-12-10T05:51:23.915Z info: 
{"requestId":"c4e9db5c-fc37-4bd0-b9b6-85ab07b9be52"}
2023-12-10T05:51:23.948Z info: 
{"requestId":"0ad3d451-dbea-4c93-8297-3787e635e1ca"}
2023-12-10T05:51:23.955Z info: 
{"requestId":"93bcceb1-29d1-4868-b588-cba9db434f4d"}
2023-12-10T05:51:23.958Z info: 
{"requestId":"19efde13-f610-4e75-9116-c2c2969a45d1"}
2023-12-10T05:51:23.961Z info: 
{"requestId":"65abdbad-412b-43a0-a71a-6b66ad461932"}
2023-12-10T05:53:59.654Z info: 
{"requestId":"11df859e-80e2-4698-9087-3f253cfda60e"}
2023-12-10T05:54:06.467Z info: 
{"requestId":"c691ae39-4439-4825-aae3-91c072f212a9"}
2023-12-10T05:54:12.573Z info: 
{"requestId":"4985c118-9b9e-43b0-81e6-3287090346a7"}
2023-12-10T05:54:12.731Z info: 
{"requestId":"3458df3a-08e9-4ae7-b1c3-0a868b20bbb8"}
2023-12-10T05:54:20.395Z info: 
{"requestId":"ab485e60-6f56-4c7d-b571-e5feffabeb17"}
2023-12-10T05:54:20.602Z info: 
{"requestId":"bed5b365-2be3-480f-b383-70f8def2a304"}
2023-12-10T05:54:31.217Z info: 
{"requestId":"c36264b2-f195-4131-874a-0ef0381b8d9c"}
2023-12-10T05:54:31.386Z info: 
{"requestId":"69289f88-be20-4eb2-8793-77b50228ebdc"}
2023-12-10T05:55:15.227Z info: 
{"requestId":"6c9190f1-ff93-4477-8f51-1bc950b52acc"}
2023-12-10T05:55:15.343Z info: 
{"requestId":"38d6f533-fdd3-4506-a0d1-90dc009f5d81"}
2023-12-10T05:55:16.457Z info: 
{"requestId":"a52a4d2f-543f-4afe-afcc-3f2b376f81e3"}
2023-12-10T05:55:16.470Z info: 
{"requestId":"5469319a-6725-4352-959f-0d4691821853"}
2023-12-10T05:55:16.536Z info: 
{"requestId":"2f39a5ab-300c-4d20-98a8-d750ff72faef"}
2023-12-10T05:55:16.660Z info: 
{"requestId":"716b44c4-829a-45e4-b286-97c83e81b708"}
2023-12-10T05:55:27.845Z info: 
{"requestId":"aa00fead-6d7e-4d00-80aa-a7900b9f6b82"}
2023-12-10T05:55:36.738Z info: 
{"requestId":"8cf61121-f4a0-4b2d-bd0e-54c20a3c6201"}
2023-12-10T05:55:47.622Z info: 
{"requestId":"482df2de-b666-4ab4-abad-560ac81a5da0"}
2023-12-10T05:55:53.172Z info: 
{"requestId":"a5a32f06-4721-4973-a6ba-dc2a0672b6cc"}
2023-12-10T05:55:53.306Z info: 
{"requestId":"88f29d32-5306-42ff-9020-3bce4bbacc0f"}
2023-12-10T05:55:54.910Z info: 
{"requestId":"660b5f82-cd49-419f-a4a7-4d505ff3c73d"}
2023-12-10T05:55:54.949Z info: 
{"requestId":"05f04c58-45b2-41e1-814f-73eeaf494507"}
2023-12-10T05:55:54.971Z info: 
{"requestId":"b6c11157-9a86-459f-ad76-e35f161badc1"}
2023-12-10T05:55:55.078Z info: 
{"requestId":"6d569eb8-6a11-4d1e-8cb8-79aafac30abd"}
2023-12-10T05:56:52.727Z info: 
{"requestId":"a601c983-7808-490d-a322-e375ee0e5dde"}
2023-12-10T05:57:04.326Z info: 
{"requestId":"f0dbba36-4454-4d39-bf4a-c482c58c8a2e"}
2023-12-10T05:57:04.483Z info: 
{"requestId":"0ef34f7e-6c19-4677-83b1-95371365b735"}
2023-12-10T05:57:08.353Z info: 
{"requestId":"7c1c41fc-41b3-4f7d-bd7d-635a09d45146"}
2023-12-10T05:57:08.368Z info: 
{"requestId":"2233f075-880d-4d49-be94-460d2c3a113a"}
2023-12-10T05:57:08.375Z info: 
{"requestId":"097bce2b-8819-4e47-a58d-393f69ef2c7b"}
2023-12-10T05:57:08.389Z info: 
{"requestId":"5399eed3-c5fc-48ae-955e-ab87f49ed3ca"}
2023-12-10T05:57:08.551Z info: 
{"requestId":"fd689036-bbf9-41f7-a006-eb7a7c00303b"}
2023-12-10T05:57:16.524Z info: 
{"requestId":"b59c10f8-2e0d-4fba-a912-2a4d6e88fc20"}
2023-12-10T05:57:16.688Z info: 
{"requestId":"360363a2-c5b3-48b5-ad52-24f2739ee343"}
2023-12-10T05:57:18.832Z info: 
{"requestId":"67d05903-d801-4387-8804-0b80a6e22097"}
2023-12-10T05:57:18.859Z info: 
{"requestId":"7124667a-d632-4c01-96ba-a3903704c31d"}
2023-12-10T05:57:18.863Z info: 
{"requestId":"3d5ac6ac-cd26-43c0-9ee9-3bae2c458f0d"}
2023-12-10T05:57:18.980Z info: 
{"requestId":"ee0609b1-ffee-4bed-afe4-0205d3577142"}
2023-12-10T06:05:31.226Z info: 
{"requestId":"5cd1d483-b835-40dc-8b71-9fe5301d12f1"}
2023-12-10T06:05:31.229Z info: 
{"requestId":"d1d9ff86-5cbc-4624-b4c4-a0c2480edca7"}
2023-12-10T06:05:31.233Z info: 
{"requestId":"cad940c9-f893-49c9-9e19-48d8de9f27b2"}
2023-12-10T06:05:59.931Z info: 
{"requestId":"2f0c7ad0-bedf-4b9f-a275-9010c1a8c411"}
2023-12-10T06:06:05.571Z info: 
{"requestId":"09d75972-b335-463b-9277-1da2590ad3eb"}
2023-12-10T06:06:12.900Z info: 
{"requestId":"796b220c-a4c4-4b78-ad06-7f6d2a5fdc21"}
2023-12-10T06:06:20.304Z info: 
{"requestId":"4fdb61ca-8698-4ca1-9800-31ae034d3ce8"}
2023-12-10T06:06:20.475Z info: 
{"requestId":"3f26d8d2-4ee2-4992-87aa-6a539c50081c"}
2023-12-10T06:07:28.316Z info: 
{"requestId":"1f0f4ece-abd0-41eb-ba3b-36c4a8e9228b"}
2023-12-10T06:07:28.352Z info: 
{"requestId":"53598ea3-1015-4c95-9121-929e77a5670c"}
2023-12-10T06:07:28.413Z info: 
{"requestId":"76aa9e15-906b-41c9-ad79-1fffd63d89ae"}
2023-12-10T06:07:28.614Z info: 
{"requestId":"c0c09aa9-a814-4d3d-aa1e-95a541079259"}
2023-12-10T06:11:55.554Z info: 
{"requestId":"0cda07be-1d62-4623-9bc0-bc5ea0d9bb61"}
2023-12-10T06:20:25.129Z info: 
{"requestId":"fb3bcc31-7ea5-404c-83aa-7098dce8a160"}
2023-12-10T06:21:26.883Z info: 
{"requestId":"5f435dc4-28fb-4f84-baab-586fec1c3b8b"}
2023-12-10T06:21:44.564Z info: 
{"requestId":"d1a3c47c-1262-4348-87f5-61ab1b9f18db"}
2023-12-10T06:22:01.504Z info: 
{"requestId":"e9749bac-59cf-415e-b32a-51135570ca72"}
2023-12-10T06:22:01.756Z info: 
{"requestId":"761ac81f-efbf-4bef-a49b-1da5ee64ae3e"}
2023-12-10T06:22:13.148Z info: 
{"requestId":"545484fa-885f-4f5b-8155-656409d06466"}
2023-12-10T06:22:13.277Z info: 
{"requestId":"6b51f9b9-8dbb-49d3-8106-692b5dc4b286"}
2023-12-10T06:22:14.710Z info: 
{"requestId":"74a43ba2-49cc-42ef-bb13-ab23aa222698"}
2023-12-10T06:22:14.776Z info: 
{"requestId":"778e5e3f-9798-4d39-806f-10b951fe16ce"}
2023-12-10T06:22:14.806Z info: 
{"requestId":"746034e7-76a0-4a05-a045-96580ffb7349"}
2023-12-10T06:22:14.846Z info: 
{"requestId":"2863cc89-f2ee-4f28-9eed-ae9db968e695"}
2023-12-10T06:22:14.878Z info: 
{"requestId":"7989c2e4-b021-4d83-9987-762ec1460c21"}
2023-12-10T06:22:14.998Z info: 
{"requestId":"f887f0dc-2f13-49ab-a20a-fc825d6f44bf"}
2023-12-10T06:22:35.700Z info: 
{"requestId":"3401210d-8c09-4fec-b364-8dab04105328"}
2023-12-10T06:22:35.768Z info: 
{"requestId":"38f3b458-2206-417d-b0c6-5c75c55a62c4"}
2023-12-10T06:22:35.779Z info: 
{"requestId":"cb01af4f-5b76-4888-ac79-927b711d1dca"}
2023-12-10T06:22:35.793Z info: 
{"requestId":"f90181bf-3ae8-46f6-97fd-ce51fe0b48c2"}
2023-12-10T06:22:50.741Z info: 
{"requestId":"2b44d4a1-d165-41e2-9e2e-0626ff1011d2"}
2023-12-10T06:22:50.802Z info: 
{"requestId":"b88184b3-7105-4f0a-8caf-2992a52a0eec"}
2023-12-10T06:22:50.811Z info: 
{"requestId":"7b15b211-b610-448f-a023-129c6b55a790"}
2023-12-10T06:22:50.839Z info: 
{"requestId":"f86629c9-1434-4c2c-bfcb-92253a1a7d8a"}
2023-12-10T06:22:50.901Z info: 
{"requestId":"81c1cfa6-4a34-4a28-ad9d-595440325dc9"}
2023-12-10T06:24:06.572Z info: 
{"requestId":"3f057f03-dfb2-4a11-aac5-e7c16d8651f3"}
2023-12-10T06:24:06.590Z info: 
{"requestId":"9b656ef0-b81f-4cde-80fc-d4c81f26669a"}
2023-12-10T06:24:18.400Z info: 
{"requestId":"30ae51d2-b219-4004-9647-347ca657b08f"}
2023-12-10T06:24:18.464Z info: 
{"requestId":"718d4743-1997-418d-bfe5-2803e2f61b2c"}
2023-12-10T06:24:18.532Z info: 
{"requestId":"b2f194c0-d811-494a-adc0-1dc964fbcd48"}
2023-12-10T06:25:43.591Z info: 
{"requestId":"f95583c5-5820-439e-8918-54cfab38c62f"}
2023-12-10T06:25:43.612Z info: 
{"requestId":"b1101e1b-de34-415a-885b-e533b69916bc"}
2023-12-10T06:26:21.499Z info: 
{"requestId":"abe291dd-e8f2-4407-a5d4-f9ddf7895064"}
2023-12-10T06:26:36.700Z info: 
{"requestId":"dca902b6-1914-4f5e-ae44-367260df86c2"}
2023-12-10T06:26:36.742Z info: 
{"requestId":"088a8639-6047-431e-9029-5a723c76fb19"}
2023-12-10T06:26:53.095Z info: 
{"requestId":"314053da-2295-4721-8432-a98a927f1b8c"}
2023-12-10T06:27:13.878Z info: 
{"requestId":"5341e0be-c006-490b-94aa-e0a06c6e1f21"}
2023-12-10T06:27:13.895Z info: 
{"requestId":"f862bdc6-8f5d-4b23-95d7-30879fae370a"}
2023-12-10T06:30:09.677Z info: 
{"requestId":"db55a801-d322-42ca-858e-7d908e69dc54"}
2023-12-10T06:30:31.089Z info: 
{"requestId":"3fdcb5cf-1a2e-4df9-b1f9-6ea87d187c2a"}
2023-12-10T06:30:31.107Z info: 
{"requestId":"ff7b17b8-fe6d-42ba-8725-c193b2601bb8"}
2023-12-10T06:31:42.933Z info: 
{"requestId":"fba408ce-a6e9-4ce2-8137-d7ce25071f5e"}
2023-12-10T06:34:03.748Z info: 
{"requestId":"e9aab8fb-d0d8-4f15-932d-9a3489ffc82d"}
2023-12-10T06:34:09.881Z info: 
{"requestId":"619239b2-940b-4971-bac3-63671eb9e98a"}
2023-12-10T06:35:08.633Z info: 
{"requestId":"0e2ad713-3fdb-48d0-98fc-14917d02d3ef"}
2023-12-10T06:35:49.876Z info: 
{"requestId":"395fe544-2366-4c23-94d8-268c86493495"}
2023-12-10T06:35:49.897Z info: 
{"requestId":"3441922c-388f-4c1d-bec8-e0225c0f3bbd"}
2023-12-10T06:36:30.388Z info: 
{"requestId":"b8058dc1-291b-4cbb-abc0-051d28d6d8d1"}
2023-12-10T06:37:01.252Z info: 
{"requestId":"ea0c5f2f-ea09-4c3d-a8c3-7447da2f4568"}
2023-12-10T06:37:01.280Z info: 
{"requestId":"76d3e88f-df29-4300-ae9b-d2ffaee0f571"}
2023-12-10T06:37:01.433Z info: 
{"requestId":"6d995237-f896-4a18-916e-d375eea23ad4"}
2023-12-10T06:38:06.606Z info: 
{"requestId":"b9228b73-d6f3-461b-a724-45dd55b74f4a"}
2023-12-10T06:38:38.266Z info: 
{"requestId":"c5441977-04a3-4e0b-a902-abad5b1aa34f"}
2023-12-10T06:38:59.594Z info: 
{"requestId":"73bc917f-cd71-4b01-a5a7-92b13f9a1821"}
2023-12-10T06:39:08.569Z info: 
{"requestId":"3a449e79-3a1f-4eef-a6d4-7c59346aa30e"}
2023-12-10T06:39:18.583Z info: 
{"requestId":"3751fd21-b113-4dac-be1f-7ab1e80054c8"}
2023-12-10T06:39:43.587Z info: 
{"requestId":"428dc11e-3f39-440f-856d-01ea2436fe27"}
2023-12-10T06:39:58.706Z info: 
{"requestId":"61c9cd72-09bb-4229-b2f9-00a32bafcefb"}
2023-12-10T06:39:58.792Z info: 
{"requestId":"06464305-603a-4699-a860-caf736b7f4eb"}
2023-12-10T06:39:58.807Z info: 
{"requestId":"6a584e50-3f77-4644-85b4-a63a7b54cd28"}
2023-12-10T06:39:58.837Z info: 
{"requestId":"cf26f71c-13a8-4364-b883-c34662dad735"}
2023-12-10T06:40:00.135Z info: 
{"requestId":"a464a866-e2aa-4ae7-9ede-664b6231c09a"}
2023-12-10T06:40:00.166Z info: 
{"requestId":"12e3f442-d620-4831-a2d9-377f512f29d2"}
2023-12-10T06:40:13.519Z info: 
{"requestId":"6e379585-0c14-4b3a-a564-af6856de6beb"}
2023-12-10T06:40:13.592Z info: 
{"requestId":"a04bb67d-518e-4582-acb2-8f746751af44"}
2023-12-10T06:40:13.628Z info: 
{"requestId":"19e8917f-1396-445b-a3d0-5cd74288c1f9"}
2023-12-10T06:46:44.242Z info: 
{"requestId":"4f04a4bb-fbd9-493c-b1a7-6fce9a649fd9"}
2023-12-10T06:46:44.269Z info: 
{"requestId":"8227ae6e-6535-431f-b23b-36b9c9e909db"}
2023-12-10T06:49:25.289Z info: 
{"requestId":"be40d7eb-099d-4562-bb39-232575438cde"}
2023-12-10T06:49:25.359Z info: 
{"requestId":"64cb5f37-1f47-4c32-8c58-897132fd8ea8"}
2023-12-10T06:49:25.398Z info: 
{"requestId":"96586250-0136-4715-8822-880fc978a773"}
2023-12-10T06:49:26.457Z info: 
{"requestId":"36be72db-cbcb-4f98-8441-5a8397a3fbb9"}
2023-12-10T06:49:26.484Z info: 
{"requestId":"16ba6011-4996-4eaf-9db5-1cc166840790"}
2023-12-10T06:50:47.274Z info: 
{"requestId":"b773dad4-5501-4d7a-9ed3-e31daa84ea67"}
2023-12-10T06:50:47.352Z info: 
{"requestId":"8d8c4c7e-277f-45c8-8ae0-cb6c6ecfb94e"}
2023-12-10T06:50:47.365Z info: 
{"requestId":"c0798e3b-3f87-4a79-b86d-839c80057ccb"}
2023-12-10T06:52:30.395Z info: 
{"requestId":"3a6b9fc4-0174-496f-995f-17d6071cc372"}
2023-12-10T06:52:30.413Z info: 
{"requestId":"59c0c045-c33f-4775-be01-3a9d41646a2a"}
2023-12-10T06:52:46.368Z info: 
{"requestId":"be7dfa63-ad20-47a9-9531-4689296ad6c5"}
2023-12-10T06:52:46.376Z info: 
{"requestId":"8ceb6c17-3ddd-4ce6-b51e-db46dfdb3ac0"}
2023-12-10T06:53:08.526Z info: 
{"requestId":"dc0e896e-027e-493a-9bb0-2c03165d1320"}
2023-12-10T06:53:08.581Z info: 
{"requestId":"52ecedbf-f169-409d-92ae-690fdd2b2737"}
2023-12-10T06:53:16.566Z info: 
{"requestId":"14b40d93-8013-49a1-a998-009586ad47f5"}
2023-12-10T06:53:16.584Z info: 
{"requestId":"d5aa0558-4c2c-43f6-89ae-037c123c7b91"}
2023-12-10T06:53:56.840Z info: 
{"requestId":"1d916571-c4e6-4b77-887b-55002dc84c81"}
2023-12-10T06:53:56.883Z info: 
{"requestId":"3329943e-2ff7-483e-a263-679c2391a170"}
2023-12-10T06:54:15.168Z info: 
{"requestId":"84847811-4114-4473-8dfe-212f01acd43b"}
2023-12-10T06:54:15.188Z info: 
{"requestId":"7d1610b7-f7e4-48b5-8e3a-7f92ceef67c7"}
2023-12-10T06:54:20.584Z info: 
{"requestId":"3958750e-7b5e-4ee4-baaa-1afd0f7baeaf"}
2023-12-10T06:54:20.599Z info: 
{"requestId":"5a2d9114-0fd4-444d-beac-906536e03816"}
2023-12-10T06:54:29.005Z info: 
{"requestId":"43b20a99-db35-46aa-9f32-77a0e91fe89b"}
2023-12-10T06:54:29.054Z info: 
{"requestId":"38684153-bea8-4339-a917-b53d3a1ed263"}
2023-12-10T06:54:42.043Z info: 
{"requestId":"a10bbf15-399d-4761-bf77-76aa8349ebbc"}
2023-12-10T06:54:42.051Z info: 
{"requestId":"1b46afb4-1fc0-4cf6-ab66-1d7b9bbef4ff"}
2023-12-10T06:54:54.470Z info: 
{"requestId":"46a58ab0-3249-4677-af38-2495e1501833"}
2023-12-10T06:54:54.500Z info: 
{"requestId":"c85f5a8e-5cdc-4a46-9fae-a0d51de2a2b0"}
2023-12-10T06:55:00.470Z info: 
{"requestId":"3aaafc84-202e-4a03-a1eb-ec309984a19c"}
2023-12-10T06:55:00.479Z info: 
{"requestId":"ced08a9c-db5d-4645-93bf-e2a78111dfc1"}
2023-12-10T06:55:05.825Z info: 
{"requestId":"537cb9e7-62cd-472b-a606-ae6669c69015"}
2023-12-10T06:55:05.883Z info: 
{"requestId":"3a7e4433-ba54-44af-a8b4-328f71ab9f83"}
2023-12-10T06:55:27.854Z info: 
{"requestId":"db8d3ef1-a21a-4a5c-87e8-0be4815cce99"}
2023-12-10T06:55:27.859Z info: 
{"requestId":"7ed8a186-875e-404c-a6d5-5acb1dafb1d2"}
2023-12-10T06:55:45.607Z info: 
{"requestId":"e8e1e458-ae14-4867-8ad5-58566eb1456c"}
2023-12-10T06:55:45.634Z info: 
{"requestId":"80adf11a-0ea0-4695-baf3-52d33fc63580"}
2023-12-10T06:55:59.900Z info: 
{"requestId":"e3462a6b-db66-4770-bc73-7ca54220156e"}
2023-12-10T06:55:59.914Z info: 
{"requestId":"c4bbf769-f139-4241-9a3e-afe4ecb3b20e"}
2023-12-10T06:56:10.942Z info: 
{"requestId":"b329abcc-17b1-4e32-a7d9-280f1903d460"}
2023-12-10T06:56:10.954Z info: 
{"requestId":"dec86b5d-3a13-4297-a1ac-217c26c4afa6"}
2023-12-10T06:56:18.179Z info: 
{"requestId":"6c737421-9aa3-4225-91e8-01d502c5e3bd"}
2023-12-10T06:56:18.195Z info: 
{"requestId":"1b92c018-3916-4559-91f5-d941d16c3979"}
2023-12-10T06:56:32.739Z info: 
{"requestId":"72c86f88-d01f-43a8-9a9a-43e6ee4a8f6b"}
2023-12-10T06:56:32.752Z info: 
{"requestId":"d229f4b0-f52b-470a-aab7-b517f4a81ea0"}
2023-12-10T06:56:46.740Z info: 
{"requestId":"2b26adb7-667e-45b3-b9fe-9d69fcdac00f"}
2023-12-10T06:56:46.745Z info: 
{"requestId":"dd262f77-bddb-45a0-9065-5c9d0909656a"}
2023-12-10T06:57:31.554Z info: 
{"requestId":"c68f2d02-30a1-4cb7-8fab-66cab72a6c1d"}
2023-12-10T06:57:31.582Z info: 
{"requestId":"e129545b-227e-4cfe-975a-545b167e5aac"}
2023-12-10T06:57:46.136Z info: 
{"requestId":"f37873c7-ce02-44c8-a704-4f5ec43b742e"}
2023-12-10T06:57:46.168Z info: 
{"requestId":"d34ccfa2-671f-443d-ae86-2b2045328bd5"}
2023-12-10T06:57:58.935Z info: 
{"requestId":"f2ee2132-582d-479d-ac3f-d875247cd720"}
2023-12-10T06:57:58.995Z info: 
{"requestId":"d43ba1e6-c822-4ef5-b08d-7f8e54555335"}
2023-12-10T06:58:05.401Z info: 
{"requestId":"8e69a8f2-7811-49cc-9c7c-d6345e85a656"}
2023-12-10T06:58:05.426Z info: 
{"requestId":"65560baf-4986-4ec5-8ccb-1bdd5514dc4d"}
2023-12-10T06:58:13.035Z info: 
{"requestId":"1bcc8a28-5c42-4429-8b64-61415ee100de"}
2023-12-10T06:58:13.080Z info: 
{"requestId":"7cc0cc92-6fbe-442f-bb23-1de111733827"}
2023-12-10T06:58:24.926Z info: 
{"requestId":"1c7d76cd-dc58-4f55-ab18-903484181f8a"}
2023-12-10T06:58:24.976Z info: 
{"requestId":"a60d8bac-ce29-4318-ad32-7516a2f2dfaf"}
2023-12-10T06:58:53.381Z info: 
{"requestId":"95228084-e5e7-4ac8-85b6-b6f0cf3a1790"}
2023-12-10T06:58:53.393Z info: 
{"requestId":"98c1004c-b82f-4a4f-8b38-f879127bf43d"}
2023-12-10T06:59:31.549Z info: 
{"requestId":"61cd1a90-09b3-4d57-be21-dcfc0ca9037f"}
2023-12-10T06:59:31.613Z info: 
{"requestId":"688d8030-5836-4751-a730-766c1fcd5be8"}
2023-12-10T06:59:39.030Z info: 
{"requestId":"7d14d787-a856-4b53-abe4-7102241be0c0"}
2023-12-10T06:59:39.050Z info: 
{"requestId":"5b754a97-bf3b-4441-8f53-b9bc879f17ef"}
2023-12-10T07:00:09.204Z info: 
{"requestId":"4dca055a-7ab6-4ba2-a0ca-b71aee9a3ff9"}
2023-12-10T07:00:09.246Z info: 
{"requestId":"88973e72-fd1a-4621-8ef0-a6ea15c9aa54"}
2023-12-10T07:00:26.891Z info: 
{"requestId":"a35fc9e1-0472-4b9f-bcb3-085ad32e8503"}
2023-12-10T07:00:26.947Z info: 
{"requestId":"a5ff70bf-1da3-400b-bc4b-a33ee4885549"}
2023-12-10T07:00:38.383Z info: 
{"requestId":"2ba37a43-5c70-4184-8d9d-cef1b8020667"}
2023-12-10T07:00:38.397Z info: 
{"requestId":"3b8d1f1b-3c0e-41b0-b768-8251349f46ad"}
2023-12-10T07:01:04.961Z info: 
{"requestId":"e69a4483-a7a5-462f-be79-df39a818a376"}
2023-12-10T07:01:05.030Z info: 
{"requestId":"154dba5c-4182-4ea3-9fa7-c67f5b2bd61d"}
2023-12-10T07:01:16.991Z info: 
{"requestId":"4688d06b-3e6a-4c3e-b203-0a821bcdbd7e"}
2023-12-10T07:01:16.997Z info: 
{"requestId":"14c048cb-9bf8-42ad-93ee-c91ff8e6d336"}
2023-12-10T07:01:29.653Z info: 
{"requestId":"df080e8d-15d4-4ee7-981c-d3868db3380d"}
2023-12-10T07:01:29.755Z info: 
{"requestId":"afa00db2-6e52-4fc6-945d-e2505f04fb19"}
2023-12-10T07:01:36.517Z info: 
{"requestId":"0682e3dc-2722-4ff6-94d4-f959a5f10ca3"}
2023-12-10T07:01:36.554Z info: 
{"requestId":"546d7656-e587-48ca-8f4e-f968b9420897"}
2023-12-10T07:01:42.530Z info: 
{"requestId":"c4fe5a7a-eb79-490c-a0cb-75e03dec72b8"}
2023-12-10T07:01:42.543Z info: 
{"requestId":"6b7ee5ed-a1ba-4878-a30e-52b3da6c64d3"}
2023-12-10T07:01:50.325Z info: 
{"requestId":"6eed9297-5fa5-486f-b064-833c7d4bddc3"}
2023-12-10T07:01:50.380Z info: 
{"requestId":"eb2721fe-052f-421f-922e-fcce742420f9"}
2023-12-10T07:02:03.506Z info: 
{"requestId":"0942f75b-b5ff-40d6-87f7-3ec0909dc0a4"}
2023-12-10T07:02:03.565Z info: 
{"requestId":"b699fcfd-2660-490d-a8d8-bf8e7223a363"}
2023-12-10T07:02:21.457Z info: 
{"requestId":"acbccbc4-d27c-4ce5-9cac-e97b63a10481"}
2023-12-10T07:02:21.508Z info: 
{"requestId":"dbbd0c04-7cef-4813-91cd-2022e233a11a"}
2023-12-10T07:02:23.505Z info: 
{"requestId":"a965fa60-9207-4d1b-a8f9-a621302c6781"}
2023-12-10T07:02:23.531Z info: 
{"requestId":"cfaf1dca-c88b-4c79-b58c-08a2cb38acfe"}
2023-12-10T07:02:23.585Z info: 
{"requestId":"524b72a2-af67-4a5b-9a57-1d3704c5c6d3"}
2023-12-10T07:02:23.599Z info: 
{"requestId":"2ec9f1d3-1abd-4069-970a-53c96f9dc296"}
2023-12-10T07:05:28.591Z info: 
{"requestId":"6e0f4146-6207-42b2-b1e7-993d31abb3b3"}
2023-12-10T07:05:28.606Z info: 
{"requestId":"c3888551-29e4-4650-9de6-13577ee80228"}
2023-12-10T07:05:28.631Z info: 
{"requestId":"2550cbbb-be3e-47c0-a2e8-764eaed80094"}
2023-12-10T07:05:28.662Z info: 
{"requestId":"5687ced1-4aca-4ce7-ac67-8e3d00c5596f"}
2023-12-10T07:43:12.667Z info: 
{"requestId":"0de18cc2-6550-4dfe-88b1-8bf657bbbc83"}
2023-12-10T07:43:12.687Z info: 
{"requestId":"98a41c33-6fe6-4147-96d2-fda3b9c09928"}
2023-12-10T07:43:51.552Z info: 
{"requestId":"1aa854e8-f2b1-4dfa-9e09-0b428a5cae1b"}
2023-12-10T07:43:51.604Z info: 
{"requestId":"107971ca-d68d-4a9d-b6b1-f292d7d83dba"}
2023-12-10T07:48:13.547Z info: 
{"requestId":"443c8c96-60ae-4a0e-9bc4-f8174408f779"}
2023-12-10T07:48:13.600Z info: 
{"requestId":"e6950cc3-5774-4785-85cb-88fa81993b7e"}
2023-12-10T07:48:23.550Z info: 
{"requestId":"511f7006-bf12-4653-ac93-de15f70eae4b"}
2023-12-10T07:48:23.589Z info: 
{"requestId":"8e0a44f7-b9a9-4b5e-b186-789b12f5f943"}
2023-12-10T07:50:12.030Z info: 
{"requestId":"f12e86fd-a374-4bf5-907f-dc76fbf554d5"}
2023-12-10T07:50:12.092Z info: 
{"requestId":"75202556-a068-4b7d-b673-dcf6e2187472"}
2023-12-10T07:51:32.543Z info: 
{"requestId":"63f00afd-a61b-4d88-8be9-9b50fa6cb134"}
2023-12-10T07:51:32.598Z info: 
{"requestId":"72f7ac7f-35d7-410d-a6a6-afebdffd2b5a"}
2023-12-10T07:52:12.956Z info: 
{"requestId":"15074b8b-4422-41c7-a02b-edc277213e52"}
2023-12-10T07:52:12.975Z info: 
{"requestId":"6dc7a287-c2fe-4298-ba5a-1d424e6180b8"}
2023-12-10T08:02:00.929Z info: 
{"requestId":"3aa8dd74-89e4-4e66-9be7-58d90cb51a4c"}
2023-12-10T08:06:58.250Z info: 
{"requestId":"5857c101-5f50-4a4f-8469-af95510a8354"}
2023-12-10T08:08:04.775Z info: 
{"requestId":"6286711d-b320-4303-bcd2-b4041283e491"}
2023-12-10T08:08:04.801Z info: 
{"requestId":"973dc2b5-7b62-4824-9efc-c09ff713d170"}
2023-12-10T08:08:16.830Z info: 
{"requestId":"557593a4-0745-4b17-9255-72287cb126cb"}
2023-12-10T08:08:16.838Z info: 
{"requestId":"5a37b27a-c1ff-42de-809c-b0ac6079551b"}
2023-12-10T08:08:16.850Z info: 
{"requestId":"aea579d2-ffa3-42a9-b954-1281644e65bd"}
2023-12-10T08:08:16.860Z info: 
{"requestId":"adae9be8-1c56-46e5-9962-0c7190ba14bb"}
2023-12-10T08:08:28.937Z info: 
{"requestId":"1328216c-aef1-4ca1-8d39-b5f9c8bf49c5"}
2023-12-10T08:08:29.252Z info: 
{"requestId":"6539420a-5f5d-42b0-afd6-c1a34caa3141"}
2023-12-10T08:08:30.472Z info: 
{"requestId":"362675be-0196-41b4-80c8-855295ebd4d6"}
2023-12-10T08:08:30.503Z info: 
{"requestId":"e9f08479-eb40-4f46-b20c-c07c6796e36d"}
2023-12-10T08:08:30.521Z info: 
{"requestId":"203ccf0d-51ee-4db0-86d0-5a4c1afc136d"}
2023-12-10T08:08:30.532Z info: 
{"requestId":"0ce91323-8b83-465b-a5e1-e7b4beb421dd"}
2023-12-10T08:08:30.597Z info: 
{"requestId":"1c141d86-585c-4f55-8dfc-73f9fa0e10e1"}
2023-12-10T08:08:30.715Z info: 
{"requestId":"e5d68f0a-7b79-42d8-a17c-a154df542ac1"}
2023-12-10T08:08:40.427Z info: 
{"requestId":"2873d62f-2841-48d2-992f-85327cc51654"}
2023-12-10T08:08:40.496Z info: 
{"requestId":"e7fb0b81-839e-4ed4-93e1-d4589360cd2b"}
2023-12-10T08:08:58.673Z info: 
{"requestId":"14a5c4ea-59b2-478c-80fe-41c01e1aa2c5"}
2023-12-10T08:08:58.755Z info: 
{"requestId":"d45e4867-8002-4930-a4c0-dbd6e3c80f28"}
2023-12-10T08:09:39.382Z info: 
{"requestId":"99ebf3bb-4d80-4f91-a588-3ae38d1bad26"}
2023-12-10T08:09:39.456Z info: 
{"requestId":"79c7d4cd-b984-4d43-8df3-0761cda3605f"}
2023-12-10T08:09:39.524Z info: 
{"requestId":"b6c64cd4-d5e0-473c-ad02-d10cfbffded9"}
2023-12-10T08:09:41.188Z info: 
{"requestId":"548c25fb-0441-4514-b532-69cc6c700ed4"}
2023-12-10T08:09:41.220Z info: 
{"requestId":"21b235d9-f9f4-4a3f-93ec-b15107d54101"}
2023-12-10T08:09:41.241Z info: 
{"requestId":"85163d78-fc19-4918-80ce-8df4828294f2"}
2023-12-10T08:09:41.288Z info: 
{"requestId":"9a067ad4-af19-4f9c-a5c3-c1ee75226c7f"}
2023-12-10T08:09:41.443Z info: 
{"requestId":"20a6463a-312c-4c81-ae4f-f42aee7c0b83"}
2023-12-10T08:10:06.518Z info: 
{"requestId":"1ebaa276-d644-4be1-8dbc-341e6af12690"}
2023-12-10T08:10:06.540Z info: 
{"requestId":"f7b9eb70-a816-4bc7-8fdc-b84af55369af"}
2023-12-10T08:10:08.726Z info: 
{"requestId":"b9d0b934-6776-471c-88db-4b678f5b0a2b"}
2023-12-10T08:10:08.802Z info: 
{"requestId":"fdbd2cd1-c4af-4367-877c-676c80d35f87"}
2023-12-10T08:10:26.409Z info: 
{"requestId":"242f6fd9-7ac1-45dd-8535-796df2181eb6"}
2023-12-10T08:10:26.493Z info: 
{"requestId":"bdc671da-ba3e-4f58-8e03-4fac041450c3"}
2023-12-10T08:10:26.506Z info: 
{"requestId":"316413bf-ae20-46be-ba1f-582df72916c5"}
2023-12-10T08:10:26.572Z info: 
{"requestId":"a067a86e-504d-4295-91ee-19fc03eca96d"}
2023-12-10T08:10:26.658Z info: 
{"requestId":"8071ce9e-22ab-455f-b1e4-5a656a2503ff"}
2023-12-10T08:10:26.702Z info: 
{"requestId":"b34f6548-d5d3-4b02-8aa3-ada8f4775998"}
2023-12-10T08:10:30.418Z info: 
{"requestId":"8416a5f1-fd0f-4e9c-9397-4a3a6122fc32"}
2023-12-10T08:10:30.536Z info: 
{"requestId":"c2fa2d39-e9b9-4da4-8feb-9625e4e5e3db"}
2023-12-10T08:10:30.590Z info: 
{"requestId":"c6379fd2-6a9c-47cf-9dd2-1b458d6f774f"}
2023-12-10T08:10:48.149Z info: 
{"requestId":"41041d63-5d17-4b11-911b-8444bcbd0cc2"}
2023-12-10T08:10:48.204Z info: 
{"requestId":"4ddebe57-3208-4011-bc23-505dcd2d1824"}
2023-12-10T08:10:48.249Z info: 
{"requestId":"b5a99477-b3b2-4726-94ef-e960b1b9ad05"}
2023-12-10T08:10:48.268Z info: 
{"requestId":"bf54575d-5ce1-4115-8cd5-437f2322a3c1"}
2023-12-10T08:10:48.425Z info: 
{"requestId":"19c458fd-c93e-4d3c-aa94-099443fa307a"}
2023-12-10T08:10:48.438Z info: 
{"requestId":"f8dbb7b3-0fd9-4449-9ad7-f06442f1fa9b"}
2023-12-10T08:10:52.883Z info: 
{"requestId":"c3aad672-5be1-4dc7-affc-a57c0f6fa7ce"}
2023-12-10T08:10:53.023Z info: 
{"requestId":"6c1bcb5b-236c-4412-a0fa-21703e4c3f55"}
2023-12-10T08:10:53.127Z info: 
{"requestId":"0c0e23e9-9cc8-40b7-bfab-7d028efa0eeb"}
2023-12-10T08:25:22.585Z info: 
{"requestId":"3e760aba-749c-4613-991d-46d11f3a37c4"}
2023-12-10T08:25:52.874Z info: 
{"requestId":"08c40a03-22d0-40a8-8e36-da8b22ec66d1"}
2023-12-10T08:26:45.390Z info: 
{"requestId":"c569f327-b5f6-4566-bf9d-2533cbdbec2f"}
2023-12-10T08:28:13.150Z info: 
{"requestId":"bd8b6163-098b-4ac1-a01b-dd6c3fc52c89"}
2023-12-10T08:28:38.268Z info: 
{"requestId":"3e48e6a6-a1b1-41b8-97d9-cfb7f440ea6a"}
2023-12-10T08:28:38.295Z info: 
{"requestId":"f558884c-b260-4f07-a149-98506abcbe2e"}
2023-12-10T08:36:37.787Z info: 
{"requestId":"8f24f45f-b7ac-4a6c-b53c-8cff9d8a4232"}
2023-12-10T08:36:37.794Z info: 
{"requestId":"f1216e87-794b-44f3-baa1-c4d9545790ba"}
2023-12-10T08:37:05.822Z info: 
{"requestId":"e3fda5a4-d49d-4fdc-9015-3da2f046ff2c"}
2023-12-10T08:37:31.657Z info: 
{"requestId":"83c996d3-0958-41a1-998d-e43c27466e1d"}
2023-12-10T08:42:13.524Z info: 
{"requestId":"7d55b7aa-eba4-489f-beb6-79cd2a40686e"}
2023-12-10T08:42:25.979Z info: 
{"requestId":"bd1a89df-a0bc-445c-8f68-0cba9b268840"}
2023-12-10T08:42:40.560Z info: 
{"requestId":"920d8bf6-80f2-49ea-82c7-9d964deffec1"}
2023-12-10T08:43:11.952Z info: 
{"requestId":"2051cebe-8f70-45a5-8dde-953195116fb4"}
2023-12-10T08:45:15.909Z info: 
{"requestId":"63bf229d-39ac-452b-a18b-2403a4be29fa"}
2023-12-10T08:45:29.805Z info: 
{"requestId":"d45a44a0-0ead-4d55-a806-70b6dcbff3d7"}
2023-12-10T08:45:53.254Z info: 
{"requestId":"9f4762be-06a4-4247-9ece-6640ff4593f6"}
2023-12-10T08:46:21.438Z info: 
{"requestId":"30618d4c-dea3-4a0d-900f-cb23c7390e8f"}
2023-12-10T08:46:31.685Z info: 
{"requestId":"21e46532-f05f-4aaa-b775-1d47a748b0d3"}
2023-12-10T08:46:40.706Z info: 
{"requestId":"67055977-0e88-49f4-9f2e-cb7cec4f63ca"}
2023-12-10T08:46:48.972Z info: 
{"requestId":"45311769-b867-4d35-b8ef-7ec07c650d92"}
2023-12-10T08:47:04.987Z info: 
{"requestId":"f0cce421-6779-41b6-ba3c-fb693a213301"}
2023-12-10T08:47:26.800Z info: 
{"requestId":"27f2ba0b-d66e-4767-817d-7f8bb57748d6"}
2023-12-10T08:47:40.333Z info: 
{"requestId":"2b7dde82-5a56-44f3-955a-80989622ce91"}
2023-12-10T08:47:53.978Z info: 
{"requestId":"2a04575c-fad1-42b6-8a96-42de8dcd26b4"}
2023-12-10T08:48:11.143Z info: 
{"requestId":"0fe180b7-01c5-4417-8f48-e6bad05fac20"}
2023-12-10T08:49:17.875Z info: 
{"requestId":"c00ea771-87e6-4bbd-aa06-d1c6058e21ef"}
2023-12-10T08:52:28.819Z info: 
{"requestId":"9a1c2a3f-586e-46c1-992d-d1b8f22f8ffc"}
2023-12-10T08:52:49.101Z info: 
{"requestId":"68ba3388-7f01-4080-99d0-8af049d1ba4a"}
2023-12-10T08:53:12.950Z info: 
{"requestId":"ad202132-d279-494e-adac-d14d77d57530"}
2023-12-10T08:54:15.112Z info: 
{"requestId":"d4561510-4252-4523-8c52-4b56f689a8d8"}
2023-12-10T08:54:15.120Z info: 
{"requestId":"1162ed9a-ab57-4fde-a1e9-6d0de12dfab4"}
2023-12-10T08:54:15.131Z info: 
{"requestId":"7ae2ced5-020e-4580-93ae-17109a9a5d4b"}
2023-12-10T08:54:15.141Z info: 
{"requestId":"b3eaa56d-0ab3-4bcf-a3a5-4eec48a1a6fe"}
2023-12-10T08:54:17.012Z info: 
{"requestId":"7c29acad-7eb0-42a8-be41-917a4956c626"}
2023-12-10T08:54:17.019Z info: 
{"requestId":"bb50d86b-3dd8-45a0-8225-726c1044a4c7"}
2023-12-10T08:54:18.023Z info: 
{"requestId":"89bb533e-d6a2-49f4-aac4-ee0de5e07df4"}
2023-12-10T08:54:23.402Z info: 
{"requestId":"bbaae802-ff71-4bb1-93dd-d501d4f25173"}
2023-12-10T08:54:23.418Z info: 
{"requestId":"c007b885-7f44-4400-88d7-9acd9145e95d"}
2023-12-10T08:54:23.435Z info: 
{"requestId":"24abb16e-8302-44ff-ae6e-61f649030a89"}
2023-12-10T08:54:23.440Z info: 
{"requestId":"ce88aedc-46d8-4f2d-83a8-3057734f6047"}
2023-12-10T08:54:26.866Z info: 
{"requestId":"9490e299-e076-4d1e-9f61-bd31ffa8aeaa"}
2023-12-10T08:54:26.885Z info: 
{"requestId":"9dea5188-76b7-4a5a-8c87-20dcb631186e"}
2023-12-10T08:54:27.952Z info: 
{"requestId":"89574cc4-ead9-4d5b-8644-7a35a47a8749"}
2023-12-10T08:54:27.967Z info: 
{"requestId":"35d44c2a-6ee9-4ced-8a32-2b30be3bd677"}
2023-12-10T08:54:29.457Z info: 
{"requestId":"7e2bb09a-585c-47f2-8fdb-0a801cddcb04"}
2023-12-10T08:54:29.473Z info: 
{"requestId":"3e91952e-f060-4898-86b0-e72b2692bbb0"}
2023-12-10T08:54:29.485Z info: 
{"requestId":"2466e218-2db5-4abd-b521-1d6fa8503471"}
2023-12-10T08:54:54.380Z info: 
{"requestId":"69306e44-f718-4a6f-a811-ded479e7f216"}
2023-12-10T08:54:54.389Z info: 
{"requestId":"c04e52a9-9f4b-4a7c-8094-028c9b9448c5"}
2023-12-10T08:54:55.254Z info: 
{"requestId":"9e0fa7cb-a801-46cd-a45b-8ade4d403480"}
2023-12-10T08:54:55.286Z info: 
{"requestId":"cf7c186b-6d40-4444-a0e7-bc6d02b6569a"}
2023-12-10T08:54:56.321Z info: 
{"requestId":"a2e5b90b-7212-444a-bcd2-c70fa0d9766e"}
2023-12-10T08:54:56.338Z info: 
{"requestId":"8542f805-04c8-4ccc-a3aa-af7e6f8e149e"}
2023-12-10T08:54:56.355Z info: 
{"requestId":"f2779e2d-002a-4cdc-ba97-792b63cd187a"}
2023-12-10T08:54:56.362Z info: 
{"requestId":"8e34c848-b09c-4ecc-b113-65dbc961173a"}
2023-12-10T08:55:03.005Z info: 
{"requestId":"e5c81289-ea84-4949-88f6-459184bad71f"}
2023-12-10T08:55:03.012Z info: 
{"requestId":"1638c7ee-a267-400d-81b6-de0cb5163677"}
2023-12-10T08:55:04.032Z info: 
{"requestId":"56bc59e9-8711-40fe-aea4-0ca46e9819c0"}
2023-12-10T08:55:04.053Z info: 
{"requestId":"7b82f713-9e8e-4cbc-8b66-323aff5b9baf"}
2023-12-10T08:55:08.627Z info: 
{"requestId":"8e6a6ebf-2674-4da7-ba24-64179a770223"}
2023-12-10T08:55:08.645Z info: 
{"requestId":"feb2f984-4334-406f-95a0-16783c1f57e0"}
2023-12-10T08:55:09.544Z info: 
{"requestId":"6dc83d6c-64a2-48f8-8568-6d31e2f2af9a"}
2023-12-10T08:55:09.569Z info: 
{"requestId":"7aff4d06-764a-4115-81a1-ed4c0d594042"}
2023-12-10T08:55:09.578Z info: 
{"requestId":"99b66ce8-a9c4-4342-b6be-5ded195b1b8a"}
2023-12-10T08:55:10.522Z info: 
{"requestId":"90ae31b9-a1d3-4a13-b8ca-df27740ad702"}
2023-12-10T08:55:10.533Z info: 
{"requestId":"96932655-daea-428c-b94d-3ffac3350ef0"}
2023-12-10T08:55:15.748Z info: 
{"requestId":"660d8754-bcf4-4ba3-9931-a699b7e6132f"}
2023-12-10T08:55:15.759Z info: 
{"requestId":"b151feb5-f389-45bc-992a-155969ee9c30"}
2023-12-10T08:55:15.765Z info: 
{"requestId":"c3858b4a-d669-48a9-9e0c-e8a3f274fc4f"}
2023-12-10T08:55:15.772Z info: 
{"requestId":"a6c1c193-adec-48d1-bbf5-bf5a90391af9"}
2023-12-10T08:55:39.201Z info: 
{"requestId":"bbaf9ffc-20d4-4bdd-92d5-3b51df3afd96"}
2023-12-10T08:55:39.256Z info: 
{"requestId":"536de23a-4917-49ec-bd19-e6ccbe83eff4"}
2023-12-10T08:55:41.811Z info: 
{"requestId":"828706d3-b37b-4e62-ac5d-c33e5a610abf"}
2023-12-10T08:55:57.407Z info: 
{"requestId":"49cfab22-f184-46b3-86ea-fd826a8938c7"}
2023-12-10T08:55:57.455Z info: 
{"requestId":"cccf17fc-6823-4ceb-99cd-bed49c48922c"}
2023-12-10T08:55:57.461Z info: 
{"requestId":"a4ecd383-d38d-44ff-ba2e-0d9a357de101"}
2023-12-10T08:55:57.486Z info: 
{"requestId":"b4991e75-6d13-4b5e-b209-5b46947a1c1e"}
2023-12-10T08:55:57.510Z info: 
{"requestId":"32065a77-b052-4550-88ab-a57687311524"}
2023-12-10T08:56:08.669Z info: 
{"requestId":"e09fed6e-35bd-4b9b-a63c-83f595df255f"}
2023-12-10T08:56:08.713Z info: 
{"requestId":"9a4a6675-56fc-47c6-a261-38b8f4b88da8"}
2023-12-10T08:56:08.733Z info: 
{"requestId":"0158f412-2c3c-4571-adde-706768a2eea0"}
2023-12-10T08:56:08.739Z info: 
{"requestId":"f92df206-42c1-43a7-95c2-c26ada001bc6"}
2023-12-10T08:56:08.782Z info: 
{"requestId":"5d456d20-ea91-4ba8-aefb-5f192a0d3799"}
2023-12-10T10:05:52.770Z info: 
{"requestId":"d7760284-6302-42ea-b6de-662d8b8921e3"}
2023-12-10T10:05:52.780Z info: 
{"requestId":"de671da8-ac05-43d4-8281-075de2d081fd"}
2023-12-10T10:05:52.832Z info: 
{"requestId":"2cd18ba2-63e5-4cce-af1f-5c131ca65d06"}
2023-12-10T10:05:54.258Z info: 
{"requestId":"741c08a8-f895-40f4-ad67-75665cedf020"}
2023-12-10T10:05:54.271Z info: 
{"requestId":"306dc555-49b8-4026-b748-159b90dc4e27"}
2023-12-10T10:05:57.600Z info: 
{"requestId":"5f6b68ee-3c88-49de-afea-a4478f096be8"}
2023-12-10T10:05:57.614Z info: 
{"requestId":"248d5525-e1a1-4893-abfe-f6b0a656a3b8"}
2023-12-10T10:05:57.623Z info: 
{"requestId":"87850ccd-d7dc-4250-acef-acf5d1ff2515"}
2023-12-10T10:05:57.638Z info: 
{"requestId":"d1bd725e-15cb-4389-a917-e9fea156f89d"}
2023-12-10T10:05:58.686Z info: 
{"requestId":"6e53a4b3-38b9-4689-9ade-381112bb2ce9"}
2023-12-10T10:05:58.706Z info: 
{"requestId":"9d8f9be9-8357-4eb2-801a-8a72f7c0632d"}
2023-12-10T10:06:24.369Z info: 
{"requestId":"b17f51c0-079c-4952-b5d6-d79e6427e672"}
2023-12-10T10:06:24.391Z info: 
{"requestId":"66e31f33-73e9-4024-b6b5-4677e9d05b38"}
2023-12-10T10:06:27.017Z info: 
{"requestId":"b022b7c8-9c0e-4e87-8d9b-0c53d2d44400"}
2023-12-10T10:06:27.039Z info: 
{"requestId":"fea63756-f3da-45da-bbf4-a8b84674b122"}
2023-12-10T10:06:28.116Z info: 
{"requestId":"661553d5-4e16-48e0-bc7a-456b6ca3fca7"}
2023-12-10T10:06:28.127Z info: 
{"requestId":"597b601a-49e6-4a48-8338-fe6105d97c3b"}
2023-12-10T10:06:28.144Z info: 
{"requestId":"d545bc51-bb60-4261-bc3f-b01da5082140"}
2023-12-10T10:06:28.159Z info: 
{"requestId":"d697d27d-c580-44a0-bf15-bb2e87c4f0f1"}
2023-12-10T10:07:04.776Z info: 
{"requestId":"988d805a-05fb-44d5-9753-cd33d9e9703b"}
2023-12-10T10:07:04.898Z info: 
{"requestId":"92f28985-8de3-4c9e-bc2c-1f6bc24ab8b1"}
2023-12-10T10:07:04.993Z info: 
{"requestId":"26452fcd-1c69-4ec8-8b40-c5ab928ad2e3"}
2023-12-10T10:07:05.026Z info: 
{"requestId":"8e9e725d-19b9-4462-9ca4-da59ea18c87d"}
2023-12-10T10:07:05.033Z info: 
{"requestId":"f80ac195-5cd1-47c5-b260-f822da78dbea"}
2023-12-10T10:07:05.044Z info: 
{"requestId":"01f9a842-72ff-447a-b541-1b319723ab39"}
2023-12-10T10:07:05.160Z info: 
{"requestId":"8bc1d48f-3a15-41d0-9192-4bab2fdf50b4"}
2023-12-10T10:07:07.251Z info: 
{"requestId":"3814139e-223f-4571-84e1-0af62276d502"}
2023-12-10T10:07:07.273Z info: 
{"requestId":"2ffd7761-a599-486b-873c-55b9a97c6969"}
2023-12-10T10:07:08.103Z info: 
{"requestId":"87a4e3fb-36c3-46af-9c56-adba1edbb47e"}
2023-12-10T10:07:08.127Z info: 
{"requestId":"a3766c5c-178b-4ba3-95ed-27e614690834"}
2023-12-10T10:07:13.352Z info: 
{"requestId":"2e53b00e-21d9-405a-a273-6465c0a2ffb2"}
2023-12-10T10:07:14.444Z info: 
{"requestId":"9d63fcc7-8fac-467c-aa86-a8f09b6be02c"}
2023-12-10T10:07:14.457Z info: 
{"requestId":"cafadd59-2d4d-42e6-b30d-16253c6a7d41"}
2023-12-10T10:07:14.477Z info: 
{"requestId":"71b36384-34d8-4a4b-9712-95ec0180fb60"}
2023-12-10T10:07:14.485Z info: 
{"requestId":"eb954520-9668-4f93-8e63-7281b8bc86e9"}
2023-12-10T10:07:55.174Z info: 
{"requestId":"f28ffbe5-478c-4c95-ad5b-50e3bdda57dc"}
2023-12-10T10:07:55.179Z info: 
{"requestId":"bc626981-bc52-499c-b6fe-088d3fcfd656"}
2023-12-10T10:07:56.230Z info: 
{"requestId":"0ceed2d7-985c-44c9-b7ae-d8b3df35ade8"}
2023-12-10T10:07:56.265Z info: 
{"requestId":"f8d84d59-2d2d-492f-916e-82ecda5689c5"}
2023-12-10T10:07:57.589Z info: 
{"requestId":"8b470131-1639-4e89-be60-4b1f1e2fa2aa"}
2023-12-10T10:07:57.600Z info: 
{"requestId":"da7cefb1-fbd1-44ef-b379-3584bda98d8a"}
2023-12-10T10:07:57.609Z info: 
{"requestId":"e726d404-e1d1-4f37-a0c1-18b00b1f7445"}
2023-12-10T10:07:57.614Z info: 
{"requestId":"863a575b-2184-4dc5-832c-da39f206c488"}
2023-12-10T10:08:06.500Z info: 
{"requestId":"f9516f47-af3e-42cd-9afe-57adebf4b323"}
2023-12-10T10:08:06.514Z info: 
{"requestId":"0552316d-bdc0-4be5-a348-3163107379cd"}
2023-12-10T10:08:07.364Z info: 
{"requestId":"68340562-1061-4a4f-84d4-4530ef443f13"}
2023-12-10T10:08:07.393Z info: 
{"requestId":"377e221d-15c4-4d36-bf7a-a49087669b54"}
2023-12-10T10:08:08.513Z info: 
{"requestId":"909697e9-35fe-4e5e-9747-102fce2ebb2a"}
2023-12-10T10:08:08.521Z info: 
{"requestId":"aa2941c6-d9c8-45cc-84d4-bd4b163a4afd"}
2023-12-10T10:08:08.540Z info: 
{"requestId":"adfc49a6-2082-4ee8-abe5-5006d4e1b5ce"}
2023-12-10T10:08:08.555Z info: 
{"requestId":"8bcb42ec-e8c4-4ea1-a83d-54c2e3e0b625"}
2023-12-10T10:16:26.027Z info: 
{"requestId":"cb99fb71-2e24-456d-ba7e-295084e54205"}
2023-12-10T10:16:26.034Z info: 
{"requestId":"f2cce4e7-cb65-4ca8-b563-9a78e2558a0d"}
2023-12-10T10:16:26.064Z info: 
{"requestId":"b3633ef2-6d0a-476d-8b74-438ae226e163"}
2023-12-10T10:16:26.072Z info: 
{"requestId":"8f4525b5-c4a0-489c-9b78-51bb690dc47d"}
2023-12-10T10:18:01.934Z info: 
{"requestId":"97203b48-114b-49ec-8cf0-26582bd5c4c3"}
2023-12-10T10:18:01.942Z info: 
{"requestId":"27eed58d-d190-4b59-80ff-5939815405fb"}
2023-12-10T10:18:01.984Z info: 
{"requestId":"fa34e70c-ceef-4dd1-8134-b15e3b958c3a"}
2023-12-10T10:18:01.994Z info: 
{"requestId":"d3a6334a-7584-4ea4-a4a0-327066c84d25"}
2023-12-10T10:30:31.221Z info: 
{"requestId":"276410d9-a40a-46b7-926e-8f24a6e4cf01"}
2023-12-10T10:30:31.427Z info: 
{"requestId":"1f657ceb-b3c6-4337-a410-eb87e0828b21"}
2023-12-10T10:30:52.491Z info: 
{"requestId":"739c78f0-7d5f-4d3d-85f8-0faf459eb4ca"}
2023-12-10T10:30:52.621Z info: 
{"requestId":"de43b98e-175d-4b51-a18f-862759847daa"}
2023-12-10T10:31:02.611Z info: 
{"requestId":"ed74c579-fbb7-42dd-855a-97ce1be2d181"}
2023-12-10T10:31:02.710Z info: 
{"requestId":"98cb3764-ce9b-4940-b01f-1ba986fa9a70"}
2023-12-10T10:31:03.035Z info: 
{"requestId":"4bd81575-3fec-4cc0-8069-0b8d373df314"}
2023-12-10T10:31:03.046Z info: 
{"requestId":"9ffb6773-a4eb-4b90-b73e-e698e0128017"}
2023-12-10T10:31:03.055Z info: 
{"requestId":"8dd0c8f7-f7fc-4042-8756-661c8f297477"}
2023-12-10T10:31:03.062Z info: 
{"requestId":"e047dcd4-eb36-44d1-98e1-d1d83136e4f2"}
2023-12-10T10:31:03.108Z info: 
{"requestId":"e11c4e8a-2887-4339-96e1-0151b03843af"}
2023-12-10T10:31:03.141Z info: 
{"requestId":"6311eee7-455e-4f6f-9d50-cee4fd7028d8"}
2023-12-10T10:31:09.002Z info: 
{"requestId":"edc0739e-c2fa-4c8d-b164-f1d63e3cc104"}
2023-12-10T10:31:11.916Z info: 
{"requestId":"3b1b3bd1-b3eb-4bf7-a21b-fdc5e9a09231"}
2023-12-10T10:31:11.925Z info: 
{"requestId":"9e7a85fb-924b-434e-a705-02336b60e3de"}
2023-12-10T10:31:11.941Z info: 
{"requestId":"281e7f15-dde2-4abd-9182-7a71e0d621c8"}
2023-12-10T10:31:13.274Z info: 
{"requestId":"de99b068-c876-447c-b8ef-5e1832f83c8c"}
2023-12-10T10:31:13.285Z info: 
{"requestId":"20667972-a548-4f8b-a6e8-632d04716441"}
2023-12-10T10:31:13.290Z info: 
{"requestId":"bd9c07ba-a945-4eb6-89fe-b024fa2497f9"}
2023-12-10T10:31:13.304Z info: 
{"requestId":"1e12f0b6-487c-4a52-a36f-16125276c762"}
2023-12-10T10:31:14.221Z info: 
{"requestId":"dbcbcc21-4667-4abf-aacd-453c90dc2bbb"}
2023-12-10T10:31:14.228Z info: 
{"requestId":"3cf3b5e9-378f-4a23-9d7e-b03b2e8988a0"}
2023-12-10T10:32:54.033Z info: 
{"requestId":"78198cd6-5483-442b-a0aa-e4935adb90a0"}
2023-12-10T10:33:03.560Z info: 
{"requestId":"425c3336-cd70-4c84-bf5a-3dd4bf2d01f0"}
2023-12-10T10:33:03.566Z info: 
{"requestId":"6a44cb3b-e395-4d53-982d-d7d939c99f1f"}
2023-12-10T10:33:03.587Z info: 
{"requestId":"4e472319-42a6-4572-9b47-c73cd773f98f"}
2023-12-10T10:33:04.904Z info: 
{"requestId":"780eedd0-c54c-4124-a050-d3917d12b7a1"}
2023-12-10T10:34:04.129Z info: 
{"requestId":"37dde83c-51d8-47f9-ac91-09492e736c15"}
2023-12-10T10:35:58.786Z info: 
{"requestId":"42175a4c-f2bb-4741-9efa-c329663fbfa4"}
2023-12-10T10:36:46.488Z info: 
{"requestId":"02ea1ec4-b8aa-413b-a194-95c2cc221552"}
2023-12-10T10:37:05.288Z info: 
{"requestId":"1b8e8bfa-25c9-4224-b6d0-e6cb93766c63"}
2023-12-10T10:37:05.298Z info: 
{"requestId":"cb1bbfaa-d93e-4c45-9988-6bd47abf87e1"}
2023-12-10T10:37:05.332Z info: 
{"requestId":"36fb58e4-2fa8-4aa6-96ad-1d90b024cc04"}
2023-12-10T10:37:05.338Z info: 
{"requestId":"6c916dae-b40f-4c8a-9d82-5968d12a801f"}
2023-12-10T10:37:06.355Z info: 
{"requestId":"c8f4fd16-b8c5-41db-972b-03e2de756195"}
2023-12-10T10:37:06.378Z info: 
{"requestId":"bcc4819c-e83c-481e-ab99-9d343bef7a9d"}
2023-12-10T10:37:06.397Z info: 
{"requestId":"e48e2125-d3e3-416b-8d94-468d521413e1"}
2023-12-10T10:37:12.249Z info: 
{"requestId":"ecdc2e75-1aa5-4938-9652-a75f3511e6f6"}
2023-12-10T10:37:12.259Z info: 
{"requestId":"e19b92ec-90c2-4090-b426-1210f4b9718c"}
2023-12-10T10:37:12.288Z info: 
{"requestId":"54a81bb3-31f6-4c28-97da-0ca4a889e011"}
2023-12-10T10:37:23.910Z info: 
{"requestId":"ebbd6306-4fa9-442c-b23a-ed5dffecf90b"}
2023-12-10T10:37:23.980Z info: 
{"requestId":"674873b0-cf37-482c-ab29-ce76cb778c95"}
2023-12-10T10:37:23.986Z info: 
{"requestId":"c8095043-0876-4c54-96b7-2c86fbfde222"}
2023-12-10T10:37:24.010Z info: 
{"requestId":"f46d380c-1716-49c9-85b4-e0123d80cda8"}
2023-12-10T10:37:24.032Z info: 
{"requestId":"643f9911-d633-4b85-99aa-22298dcbc0ed"}
2023-12-10T10:37:25.733Z info: 
{"requestId":"8956d7a9-6613-475c-9e07-a9101781795b"}
2023-12-10T10:37:25.741Z info: 
{"requestId":"286cc18f-e248-4124-86ed-93272138d909"}
2023-12-10T10:37:25.771Z info: 
{"requestId":"15aa87ae-b822-4101-8167-b18865686252"}
2023-12-10T10:38:22.852Z info: 
{"requestId":"cd15bdc2-151e-47f5-9238-f8773ec12996"}
2023-12-10T10:38:22.859Z info: 
{"requestId":"05bdb8f7-8f04-41e9-8957-ae42aeea9e2e"}
2023-12-10T10:38:24.072Z info: 
{"requestId":"5787e682-5550-4bfb-a859-a275270e26e9"}
2023-12-10T10:38:24.078Z info: 
{"requestId":"38b033ec-925c-487f-aa52-77a1b02942a7"}
2023-12-10T10:38:24.083Z info: 
{"requestId":"64570e04-852d-43e1-b7a8-36733a058292"}
2023-12-10T10:38:24.109Z info: 
{"requestId":"95e6d527-7005-4118-be87-05418c73cea8"}
2023-12-10T10:38:28.582Z info: 
{"requestId":"cc5abdf4-096d-4753-8fdd-75459d43fbcf"}
2023-12-10T10:38:28.588Z info: 
{"requestId":"eaa38232-d324-46a4-961b-a79fdadbc453"}
2023-12-10T10:38:29.467Z info: 
{"requestId":"eefb8eba-f4a9-4dd7-bf5b-f8d47bf28f46"}
2023-12-10T10:38:29.477Z info: 
{"requestId":"0ee3d996-01ec-4274-bff4-887edcee7743"}
2023-12-10T10:38:29.486Z info: 
{"requestId":"cd75ef36-7442-4533-8bd5-77f3f819c3f0"}
2023-12-10T10:38:29.495Z info: 
{"requestId":"dfb803cc-5955-4609-9de2-0eb97575752a"}
2023-12-10T10:38:46.920Z info: 
{"requestId":"48616ce6-8f03-4c12-8495-e9869e052c24"}
2023-12-10T10:38:46.927Z info: 
{"requestId":"944c9ad6-4852-47fc-b953-28c112c5a0ed"}
2023-12-10T10:38:46.934Z info: 
{"requestId":"357c31bf-5a62-4db5-a124-3e26e84ac021"}
2023-12-10T10:38:46.942Z info: 
{"requestId":"e35950b5-c7e3-4d5b-93c3-0867a7bb113d"}
2023-12-10T10:39:52.880Z info: 
{"requestId":"d77d06dd-53eb-4c2e-b83f-2e4e3ca2d8e9"}
2023-12-10T10:39:52.975Z info: 
{"requestId":"d34d810a-4914-46db-9c0e-1fa574108f5b"}
2023-12-10T10:39:53.079Z info: 
{"requestId":"26b3b277-485b-4e3e-bbfc-446ffac51a07"}
2023-12-10T10:39:58.525Z info: 
{"requestId":"5b7a40d1-6774-4454-bda8-d1f4be29c6cc"}
2023-12-10T10:39:59.490Z info: 
{"requestId":"778bea03-bcda-40fc-982a-de46d270266c"}
2023-12-10T10:39:59.508Z info: 
{"requestId":"b7fdef8b-c4bd-4963-b02c-a0191d1b71a5"}
2023-12-10T10:39:59.523Z info: 
{"requestId":"83766228-146f-4fc9-8efa-1baacb025cd6"}
2023-12-10T10:40:09.158Z info: 
{"requestId":"0b127b91-e786-4062-9b3f-87f792136f2b"}
2023-12-10T10:40:09.169Z info: 
{"requestId":"668f2f76-f6aa-41f6-940e-4c2a932ca410"}
2023-12-10T10:40:09.189Z info: 
{"requestId":"572c9a9e-6aec-4aa6-8a45-7fe130b8ef05"}
2023-12-10T10:40:50.787Z info: 
{"requestId":"6fe3e1e7-68bc-47a5-b738-dd8c55bec58d"}
2023-12-10T10:40:50.805Z info: 
{"requestId":"e862cc25-86d1-4b19-8095-7e8bb525099c"}
2023-12-10T10:41:17.359Z info: 
{"requestId":"99f082ab-1c3a-459d-bdbc-ad0f5e02e5c5"}
2023-12-10T10:41:17.367Z info: 
{"requestId":"b41b2ef2-47a4-4d63-bd7e-8a26acb90fc3"}
2023-12-10T10:41:26.950Z info: 
{"requestId":"bfa6c2f9-8b8b-449e-ab75-e2793d4cf987"}
2023-12-10T10:41:26.958Z info: 
{"requestId":"3c164405-adc7-4954-ad2b-d2964123e59f"}
2023-12-10T10:41:38.332Z info: 
{"requestId":"538f953d-5e81-43bc-8dcc-85097cee231f"}
2023-12-10T10:41:38.343Z info: 
{"requestId":"95aa0574-733f-4aef-be91-c272e6ae50f9"}
2023-12-10T10:41:49.413Z info: 
{"requestId":"47267d1a-e15d-4e3b-9080-5ac6f6841bf1"}
2023-12-10T10:41:50.293Z info: 
{"requestId":"a7cc8f15-1a32-46f8-b71e-e78f8c27275e"}
2023-12-10T10:41:52.281Z info: 
{"requestId":"83f4fc5e-55f1-49d6-8309-39becdc0eed0"}
2023-12-10T10:41:52.295Z info: 
{"requestId":"ac48c0e3-2028-4caf-a081-8d44130bdf02"}
2023-12-10T10:41:52.307Z info: 
{"requestId":"479369b7-7dd6-4a43-938f-749671fd79ea"}
2023-12-10T10:45:37.531Z info: 
{"requestId":"c5559e5a-189f-46ec-83fa-335eb94686a7"}
2023-12-10T10:45:37.545Z info: 
{"requestId":"27e219c6-24b3-4666-a80d-7a47733d4387"}
2023-12-10T10:45:56.945Z info: 
{"requestId":"043e025e-ab89-4a9e-a9bf-896d5d409f82"}
2023-12-10T10:45:56.954Z info: 
{"requestId":"9151190e-73a2-428d-82ab-40ce20397545"}
2023-12-10T10:45:56.978Z info: 
{"requestId":"808fdba9-c6fc-4a8d-bbb9-473824459b62"}
2023-12-10T10:45:57.044Z info: 
{"requestId":"ba9b9b9a-1514-4739-9167-5841d485b73c"}
2023-12-10T10:46:03.707Z info: 
{"requestId":"b5fd64a7-db61-453e-95a8-17d771442f2b"}
2023-12-10T10:46:04.620Z info: 
{"requestId":"3ad6b2cb-2532-4834-85bf-bf3ea25bad29"}
2023-12-10T10:46:04.629Z info: 
{"requestId":"3e31f64a-ef62-4d70-a39e-bf07ff5bcccb"}
2023-12-10T10:46:04.691Z info: 
{"requestId":"6becefd1-7652-4eaf-9112-ebfa6bed5323"}
2023-12-10T10:47:22.873Z info: 
{"requestId":"e06bab4b-4681-4936-ada5-a4b4f4de0f40"}
2023-12-10T10:47:22.882Z info: 
{"requestId":"0dfaee5f-7411-4e00-ab43-c42489b434df"}
2023-12-10T10:47:23.810Z info: 
{"requestId":"6f4430fc-6722-4221-b958-b152b1703519"}
2023-12-10T10:47:23.830Z info: 
{"requestId":"fe8b4aba-c9f7-4cd4-9068-59e1d6f42c46"}
2023-12-10T10:47:24.867Z info: 
{"requestId":"5d2ba652-8309-42e2-9479-d96a63b144a7"}
2023-12-10T10:47:24.880Z info: 
{"requestId":"a0ce305a-07b3-4a14-b316-b7150f4b90dc"}
2023-12-10T10:47:24.885Z info: 
{"requestId":"0cef6677-9855-40b4-91c6-e4201bb87fc9"}
2023-12-10T10:47:24.897Z info: 
{"requestId":"93f60c68-86bc-4fc7-a7fb-7c70ab2681c8"}
2023-12-10T10:47:28.629Z info: 
{"requestId":"06f0991f-3a85-4abd-b41f-795771262d02"}
2023-12-10T10:47:28.651Z info: 
{"requestId":"e0a8bf41-d8e3-496b-8ca9-655f1982afd3"}
2023-12-10T10:47:45.865Z info: 
{"requestId":"00e4ec4d-2760-44ba-b282-04f4837789eb"}
2023-12-10T10:47:45.881Z info: 
{"requestId":"d35cc77b-6c9d-44b0-89aa-2cb6a034b2e2"}
2023-12-10T10:47:47.233Z info: 
{"requestId":"00f7a54b-26ed-4bce-bf5f-131f251db3a3"}
2023-12-10T10:47:47.242Z info: 
{"requestId":"754e3a1b-f355-4df3-ac72-03e54386d338"}
2023-12-10T10:47:48.068Z info: 
{"requestId":"83a26f16-dd9b-42f9-83c8-c7dc2f238ac6"}
2023-12-10T10:47:48.088Z info: 
{"requestId":"9f202756-fc69-45eb-9429-11ef6a06322e"}
2023-12-10T10:47:48.095Z info: 
{"requestId":"0095ba4a-3dd8-46f3-afca-cadbdd8e652f"}
2023-12-10T10:47:48.101Z info: 
{"requestId":"936fe178-88af-40ec-94c1-7949450c3c91"}
2023-12-10T10:48:17.212Z info: 
{"requestId":"a088c3b4-7c40-4c36-9224-a8e3c7d86663"}
2023-12-10T10:48:17.262Z info: 
{"requestId":"7779fe9e-85e3-44c6-9bfa-e9eb6acc4e49"}
2023-12-10T10:48:17.267Z info: 
{"requestId":"7c62f31e-17f9-4e8b-9501-37ddead630d2"}
2023-12-10T10:48:17.278Z info: 
{"requestId":"491f1d65-d103-449d-ba93-bd3a7208fb01"}
2023-12-10T10:48:17.305Z info: 
{"requestId":"4bf08250-aaa8-4cf6-9bf9-8fac75c8b6d2"}
2023-12-10T10:48:17.314Z info: 
{"requestId":"6fdb054b-5d5e-4734-bba2-e48ecb9a092b"}
2023-12-10T10:48:26.213Z info: 
{"requestId":"b5a896ab-7672-4756-a8c0-2b84bdabfd2d"}
2023-12-10T10:48:26.232Z info: 
{"requestId":"60b4b1f9-fd7f-4d54-b82e-7597fe3f9120"}
2023-12-10T10:48:26.256Z info: 
{"requestId":"f132fdc3-36c0-4d7e-ad97-12afe146ab23"}
2023-12-10T10:48:27.094Z info: 
{"requestId":"bf9b3af1-c2db-418d-aa85-1ce746c53593"}
2023-12-10T10:48:27.110Z info: 
{"requestId":"472cba87-2ebb-4dd0-9b2b-69db26f7b270"}
2023-12-10T10:48:28.064Z info: 
{"requestId":"b75a6a4f-282b-41f3-9ef1-90aeb0e913a3"}
2023-12-10T10:48:28.078Z info: 
{"requestId":"94a0b9c1-b7d1-4e46-b7e0-a836c11a7add"}
2023-12-10T10:48:28.084Z info: 
{"requestId":"dd1bc255-e47c-47a1-8762-088f94267e4d"}
2023-12-10T10:48:28.092Z info: 
{"requestId":"b3cd53b1-9c79-49ee-bb1a-476f749e7f6a"}
2023-12-10T10:48:49.394Z info: 
{"requestId":"f3a72db0-79b7-404d-b071-5b40f5eedadf"}
2023-12-10T10:48:49.398Z info: 
{"requestId":"e50385d8-5640-4da6-839e-703a6cfc4e0f"}
2023-12-10T10:48:50.296Z info: 
{"requestId":"5dfceeaf-7508-4e20-9b11-4b71aff70347"}
2023-12-10T10:48:50.313Z info: 
{"requestId":"b2d019f4-e3cc-45ee-ba99-c5563408932d"}
2023-12-10T10:48:51.269Z info: 
{"requestId":"783cf980-8037-453b-bc99-cae2beca5dcb"}
2023-12-10T10:48:51.279Z info: 
{"requestId":"461f18a7-84ab-4fb6-af7c-a121f0b23323"}
2023-12-10T10:48:51.296Z info: 
{"requestId":"b03d23eb-5044-494c-8063-e82c54ce347b"}
2023-12-10T10:48:51.310Z info: 
{"requestId":"6668fe15-0205-49d4-8d64-5079aee0382f"}
2023-12-10T10:51:20.327Z info: 
{"requestId":"6d65675e-93d5-4a97-8f73-612750c05a78"}
2023-12-10T10:51:20.342Z info: 
{"requestId":"f2b84813-f2bd-4364-b99f-a2cf3ac9383d"}
2023-12-10T10:51:21.118Z info: 
{"requestId":"e5dfc38e-b575-4b5d-8cc5-980e74f11aa4"}
2023-12-10T10:51:21.147Z info: 
{"requestId":"aa296a08-8349-4b96-b54f-3150c745afb3"}
2023-12-10T10:51:22.124Z info: 
{"requestId":"9170de3c-b515-45d6-b02c-8fe96e47c31a"}
2023-12-10T10:51:22.135Z info: 
{"requestId":"ee3838ca-0d29-496e-be9d-2f47fd2eefc6"}
2023-12-10T10:51:22.142Z info: 
{"requestId":"4426f41c-545a-4383-8d7b-ef64265380b1"}
2023-12-10T10:51:22.154Z info: 
{"requestId":"fc6ed3ed-98a0-4376-b77e-e99ee502f359"}
2023-12-10T10:51:25.771Z info: 
{"requestId":"bf3ed90e-f048-44e7-aab9-3d82e482d962"}
2023-12-10T10:51:25.792Z info: 
{"requestId":"691cb621-49d1-4516-a51f-7bbd3d5f9641"}
